#
# There is insufficient memory for the Java Runtime Environment to continue.
# Native memory allocation (malloc) failed to allocate 1154400 bytes for Chunk::new
# Possible reasons:
#   The system is out of physical RAM or swap space
#   The process is running with CompressedOops enabled, and the Java Heap may be blocking the growth of the native heap
# Possible solutions:
#   Reduce memory load on the system
#   Increase physical memory or swap space
#   Check if swap backing store is full
#   Decrease Java heap size (-Xmx/-Xms)
#   Decrease number of Java threads
#   Decrease Java thread stack sizes (-Xss)
#   Set larger code cache with -XX:ReservedCodeCacheSize=
#   JVM is running with Unscaled Compressed Oops mode in which the Java heap is
#     placed in the first 4GB address space. The Java Heap base address is the
#     maximum limit for the native heap growth. Please use -XX:HeapBaseMinAddress
#     to set the Java Heap base and to place the Java Heap above 4GB virtual address.
# This output file may be truncated or incomplete.
#
#  Out of Memory Error (arena.cpp:184), pid=17816, tid=22860
#
# JRE version: Java(TM) SE Runtime Environment (20.0.2+9) (build 20.0.2+9-78)
# Java VM: Java HotSpot(TM) 64-Bit Server VM (20.0.2+9-78, mixed mode, sharing, tiered, compressed oops, compressed class ptrs, g1 gc, windows-amd64)
# No core dump will be written. Minidumps are not enabled by default on client versions of Windows
#

---------------  S U M M A R Y ------------

Command Line: -Dfile.encoding=UTF-8 -Duser.country=US -Duser.language=en -Duser.variant GUI.NewJFrame

Host: Intel(R) Core(TM) i5-10300H CPU @ 2.50GHz, 8 cores, 7G,  Windows 11 , 64 bit Build 26100 (10.0.26100.3624)
Time: Tue Apr  1 01:41:21 2025 SE Asia Standard Time elapsed time: 3.724070 seconds (0d 0h 0m 3s)

---------------  T H R E A D  ---------------

Current thread (0x000002a9972e3480):  JavaThread "C2 CompilerThread0" daemon [_thread_in_native, id=22860, stack(0x000000c3ed100000,0x000000c3ed200000)]


Current CompileTask:
C2:   3724 1569   !   4       java.net.URL::<init> (543 bytes)

Stack: [0x000000c3ed100000,0x000000c3ed200000]
Native frames: (J=compiled Java code, j=interpreted, Vv=VM code, C=native code)
V  [jvm.dll+0x6bc25a]
V  [jvm.dll+0x84971a]
V  [jvm.dll+0x84b315]
V  [jvm.dll+0x84ba13]
V  [jvm.dll+0x280e4f]
V  [jvm.dll+0xc2ab1]
V  [jvm.dll+0xc2dd5]
V  [jvm.dll+0x3bb64c]
V  [jvm.dll+0x385b75]
V  [jvm.dll+0x384fea]
V  [jvm.dll+0x24b529]
V  [jvm.dll+0x24a921]
V  [jvm.dll+0x1ce761]
V  [jvm.dll+0x25a0eb]
V  [jvm.dll+0x2587c0]
V  [jvm.dll+0x3f2dd5]
V  [jvm.dll+0x7f5c76]
V  [jvm.dll+0x6baecb]
C  [ucrtbase.dll+0x37b0]
C  [KERNEL32.DLL+0x2e8d7]
C  [ntdll.dll+0xb14fc]


---------------  P R O C E S S  ---------------

Threads class SMR info:
_java_thread_list=0x000002a9dcb209c0, length=15, elements={
0x000002a9972d3a60, 0x000002a9972d6120, 0x000002a9972dba80, 0x000002a9972dc3c0,
0x000002a9972de3e0, 0x000002a9972ded20, 0x000002a9972e3480, 0x000002a9972e56b0,
0x000002a9dc6226a0, 0x000002a9dc63c4b0, 0x000002a9dca93b50, 0x000002a9dcab8010,
0x000002a9dcab9350, 0x000002a9dc67c3c0, 0x000002a9fa962910
}

Java Threads: ( => current thread )
  0x000002a9972d3a60 JavaThread "Reference Handler" daemon [_thread_blocked, id=19224, stack(0x000000c3ecb00000,0x000000c3ecc00000)]
  0x000002a9972d6120 JavaThread "Finalizer" daemon [_thread_blocked, id=13472, stack(0x000000c3ecc00000,0x000000c3ecd00000)]
  0x000002a9972dba80 JavaThread "Signal Dispatcher" daemon [_thread_blocked, id=10948, stack(0x000000c3ecd00000,0x000000c3ece00000)]
  0x000002a9972dc3c0 JavaThread "Attach Listener" daemon [_thread_blocked, id=27792, stack(0x000000c3ece00000,0x000000c3ecf00000)]
  0x000002a9972de3e0 JavaThread "Service Thread" daemon [_thread_blocked, id=17556, stack(0x000000c3ecf00000,0x000000c3ed000000)]
  0x000002a9972ded20 JavaThread "Monitor Deflation Thread" daemon [_thread_blocked, id=24472, stack(0x000000c3ed000000,0x000000c3ed100000)]
=>0x000002a9972e3480 JavaThread "C2 CompilerThread0" daemon [_thread_in_native, id=22860, stack(0x000000c3ed100000,0x000000c3ed200000)]
  0x000002a9972e56b0 JavaThread "C1 CompilerThread0" daemon [_thread_blocked, id=12308, stack(0x000000c3ed200000,0x000000c3ed300000)]
  0x000002a9dc6226a0 JavaThread "Notification Thread" daemon [_thread_blocked, id=23076, stack(0x000000c3ed300000,0x000000c3ed400000)]
  0x000002a9dc63c4b0 JavaThread "Common-Cleaner" daemon [_thread_blocked, id=15008, stack(0x000000c3ed500000,0x000000c3ed600000)]
  0x000002a9dca93b50 JavaThread "Java2D Disposer" daemon [_thread_blocked, id=18048, stack(0x000000c3ed700000,0x000000c3ed800000)]
  0x000002a9dcab8010 JavaThread "AWT-Shutdown" [_thread_blocked, id=18900, stack(0x000000c3ed800000,0x000000c3ed900000)]
  0x000002a9dcab9350 JavaThread "AWT-Windows" daemon [_thread_in_native, id=25128, stack(0x000000c3ed900000,0x000000c3eda00000)]
  0x000002a9dc67c3c0 JavaThread "AWT-EventQueue-0" [_thread_in_Java, id=31248, stack(0x000000c3ed600000,0x000000c3ed700000)]
  0x000002a9fa962910 JavaThread "DestroyJavaVM" [_thread_blocked, id=3452, stack(0x000000c3ec400000,0x000000c3ec500000)]

Other Threads:
  0x000002a9972b5530 VMThread "VM Thread" [stack: 0x000000c3eca00000,0x000000c3ecb00000] [id=30628]
  0x000002a9dc627da0 WatcherThread "VM Periodic Task Thread" [stack: 0x000000c3ed400000,0x000000c3ed500000] [id=21372]
  0x000002a9fa9c4dc0 WorkerThread "GC Thread#0" [stack: 0x000000c3ec500000,0x000000c3ec600000] [id=26916]
  0x000002a9de6fd040 WorkerThread "GC Thread#1" [stack: 0x000000c3eda00000,0x000000c3edb00000] [id=17008]
  0x000002a9de6fd310 WorkerThread "GC Thread#2" [stack: 0x000000c3edb00000,0x000000c3edc00000] [id=14464]
  0x000002a9de7493a0 WorkerThread "GC Thread#3" [stack: 0x000000c3edc00000,0x000000c3edd00000] [id=30452]
  0x000002a9de749940 WorkerThread "GC Thread#4" [stack: 0x000000c3edd00000,0x000000c3ede00000] [id=22804]
  0x000002a9de7490d0 WorkerThread "GC Thread#5" [stack: 0x000000c3ede00000,0x000000c3edf00000] [id=3848]
  0x000002a9de74a480 WorkerThread "GC Thread#6" [stack: 0x000000c3edf00000,0x000000c3ee000000] [id=17376]
  0x000002a9de74aa20 WorkerThread "GC Thread#7" [stack: 0x000000c3ee000000,0x000000c3ee100000] [id=12848]
  0x000002a9fa9d6550 ConcurrentGCThread "G1 Main Marker" [stack: 0x000000c3ec600000,0x000000c3ec700000] [id=20768]
  0x000002a9fa9d7630 WorkerThread "G1 Conc#0" [stack: 0x000000c3ec700000,0x000000c3ec800000] [id=12240]
  0x000002a9faa1e700 ConcurrentGCThread "G1 Refine#0" [stack: 0x000000c3ec800000,0x000000c3ec900000] [id=12960]
  0x000002a99716d530 ConcurrentGCThread "G1 Service" [stack: 0x000000c3ec900000,0x000000c3eca00000] [id=26920]

Threads with active compile tasks:
C2 CompilerThread0     3764 1569   !   4       java.net.URL::<init> (543 bytes)
C1 CompilerThread0     3765 1623   !   3       java.lang.Class::getEnumConstantsShared (71 bytes)

VM state: not at safepoint (normal execution)

VM Mutex/Monitor currently owned by a thread: None

Heap address: 0x0000000082800000, size: 2008 MB, Compressed Oops mode: 32-bit

CDS archive(s) mapped at: [0x000002a997400000-0x000002a998060000-0x000002a998060000), size 12976128, SharedBaseAddress: 0x000002a997400000, ArchiveRelocationMode: 1.
Compressed class space mapped at: 0x000002a998400000-0x000002a9d8400000, reserved size: 1073741824
Narrow klass base: 0x000002a997400000, Narrow klass shift: 0, Narrow klass range: 0x100000000

GC Precious Log:
 CardTable entry size: 512
 Card Set container configuration: InlinePtr #cards 5 size 8 Array Of Cards #cards 12 size 40 Howl #buckets 4 coarsen threshold 1843 Howl Bitmap #cards 512 size 80 coarsen threshold 460 Card regions per heap region 1 cards per card region 2048
 CPUs: 8 total, 8 available
 Memory: 8029M
 Large Page Support: Disabled
 NUMA Support: Disabled
 Compressed Oops: Enabled (32-bit)
 Heap Region Size: 1M
 Heap Min Capacity: 8M
 Heap Initial Capacity: 126M
 Heap Max Capacity: 2008M
 Pre-touch: Disabled
 Parallel Workers: 8
 Concurrent Workers: 2
 Concurrent Refinement Workers: 8
 Periodic GC: Disabled

Heap:
 garbage-first heap   total 129024K, used 25536K [0x0000000082800000, 0x0000000100000000)
  region size 1024K, 23 young (23552K), 3 survivors (3072K)
 Metaspace       used 18546K, committed 18816K, reserved 1114112K
  class space    used 2420K, committed 2560K, reserved 1048576K

Heap Regions: E=young(eden), S=young(survivor), O=old, HS=humongous(starts), HC=humongous(continues), CS=collection set, F=free, OA=open archive, CA=closed archive, TAMS=top-at-mark-start, PB=parsable bottom
|   0|0x0000000082800000, 0x0000000082900000, 0x0000000082900000|100%|HS|  |TAMS 0x0000000082800000| PB 0x0000000082800000| Complete 
|   1|0x0000000082900000, 0x0000000082a00000, 0x0000000082a00000|100%| O|  |TAMS 0x0000000082900000| PB 0x0000000082900000| Untracked 
|   2|0x0000000082a00000, 0x0000000082af0000, 0x0000000082b00000| 93%| O|  |TAMS 0x0000000082a00000| PB 0x0000000082a00000| Untracked 
|   3|0x0000000082b00000, 0x0000000082b00000, 0x0000000082c00000|  0%| F|  |TAMS 0x0000000082b00000| PB 0x0000000082b00000| Untracked 
|   4|0x0000000082c00000, 0x0000000082c00000, 0x0000000082d00000|  0%| F|  |TAMS 0x0000000082c00000| PB 0x0000000082c00000| Untracked 
|   5|0x0000000082d00000, 0x0000000082d00000, 0x0000000082e00000|  0%| F|  |TAMS 0x0000000082d00000| PB 0x0000000082d00000| Untracked 
|   6|0x0000000082e00000, 0x0000000082e00000, 0x0000000082f00000|  0%| F|  |TAMS 0x0000000082e00000| PB 0x0000000082e00000| Untracked 
|   7|0x0000000082f00000, 0x0000000082f00000, 0x0000000083000000|  0%| F|  |TAMS 0x0000000082f00000| PB 0x0000000082f00000| Untracked 
|   8|0x0000000083000000, 0x0000000083000000, 0x0000000083100000|  0%| F|  |TAMS 0x0000000083000000| PB 0x0000000083000000| Untracked 
|   9|0x0000000083100000, 0x0000000083100000, 0x0000000083200000|  0%| F|  |TAMS 0x0000000083100000| PB 0x0000000083100000| Untracked 
|  10|0x0000000083200000, 0x0000000083200000, 0x0000000083300000|  0%| F|  |TAMS 0x0000000083200000| PB 0x0000000083200000| Untracked 
|  11|0x0000000083300000, 0x0000000083300000, 0x0000000083400000|  0%| F|  |TAMS 0x0000000083300000| PB 0x0000000083300000| Untracked 
|  12|0x0000000083400000, 0x0000000083400000, 0x0000000083500000|  0%| F|  |TAMS 0x0000000083400000| PB 0x0000000083400000| Untracked 
|  13|0x0000000083500000, 0x0000000083500000, 0x0000000083600000|  0%| F|  |TAMS 0x0000000083500000| PB 0x0000000083500000| Untracked 
|  14|0x0000000083600000, 0x0000000083600000, 0x0000000083700000|  0%| F|  |TAMS 0x0000000083600000| PB 0x0000000083600000| Untracked 
|  15|0x0000000083700000, 0x0000000083700000, 0x0000000083800000|  0%| F|  |TAMS 0x0000000083700000| PB 0x0000000083700000| Untracked 
|  16|0x0000000083800000, 0x0000000083800000, 0x0000000083900000|  0%| F|  |TAMS 0x0000000083800000| PB 0x0000000083800000| Untracked 
|  17|0x0000000083900000, 0x0000000083900000, 0x0000000083a00000|  0%| F|  |TAMS 0x0000000083900000| PB 0x0000000083900000| Untracked 
|  18|0x0000000083a00000, 0x0000000083a00000, 0x0000000083b00000|  0%| F|  |TAMS 0x0000000083a00000| PB 0x0000000083a00000| Untracked 
|  19|0x0000000083b00000, 0x0000000083b00000, 0x0000000083c00000|  0%| F|  |TAMS 0x0000000083b00000| PB 0x0000000083b00000| Untracked 
|  20|0x0000000083c00000, 0x0000000083c00000, 0x0000000083d00000|  0%| F|  |TAMS 0x0000000083c00000| PB 0x0000000083c00000| Untracked 
|  21|0x0000000083d00000, 0x0000000083d00000, 0x0000000083e00000|  0%| F|  |TAMS 0x0000000083d00000| PB 0x0000000083d00000| Untracked 
|  22|0x0000000083e00000, 0x0000000083e00000, 0x0000000083f00000|  0%| F|  |TAMS 0x0000000083e00000| PB 0x0000000083e00000| Untracked 
|  23|0x0000000083f00000, 0x0000000083f00000, 0x0000000084000000|  0%| F|  |TAMS 0x0000000083f00000| PB 0x0000000083f00000| Untracked 
|  24|0x0000000084000000, 0x0000000084000000, 0x0000000084100000|  0%| F|  |TAMS 0x0000000084000000| PB 0x0000000084000000| Untracked 
|  25|0x0000000084100000, 0x0000000084100000, 0x0000000084200000|  0%| F|  |TAMS 0x0000000084100000| PB 0x0000000084100000| Untracked 
|  26|0x0000000084200000, 0x0000000084200000, 0x0000000084300000|  0%| F|  |TAMS 0x0000000084200000| PB 0x0000000084200000| Untracked 
|  27|0x0000000084300000, 0x0000000084300000, 0x0000000084400000|  0%| F|  |TAMS 0x0000000084300000| PB 0x0000000084300000| Untracked 
|  28|0x0000000084400000, 0x0000000084400000, 0x0000000084500000|  0%| F|  |TAMS 0x0000000084400000| PB 0x0000000084400000| Untracked 
|  29|0x0000000084500000, 0x0000000084500000, 0x0000000084600000|  0%| F|  |TAMS 0x0000000084500000| PB 0x0000000084500000| Untracked 
|  30|0x0000000084600000, 0x0000000084600000, 0x0000000084700000|  0%| F|  |TAMS 0x0000000084600000| PB 0x0000000084600000| Untracked 
|  31|0x0000000084700000, 0x0000000084700000, 0x0000000084800000|  0%| F|  |TAMS 0x0000000084700000| PB 0x0000000084700000| Untracked 
|  32|0x0000000084800000, 0x0000000084800000, 0x0000000084900000|  0%| F|  |TAMS 0x0000000084800000| PB 0x0000000084800000| Untracked 
|  33|0x0000000084900000, 0x0000000084900000, 0x0000000084a00000|  0%| F|  |TAMS 0x0000000084900000| PB 0x0000000084900000| Untracked 
|  34|0x0000000084a00000, 0x0000000084a00000, 0x0000000084b00000|  0%| F|  |TAMS 0x0000000084a00000| PB 0x0000000084a00000| Untracked 
|  35|0x0000000084b00000, 0x0000000084b00000, 0x0000000084c00000|  0%| F|  |TAMS 0x0000000084b00000| PB 0x0000000084b00000| Untracked 
|  36|0x0000000084c00000, 0x0000000084c00000, 0x0000000084d00000|  0%| F|  |TAMS 0x0000000084c00000| PB 0x0000000084c00000| Untracked 
|  37|0x0000000084d00000, 0x0000000084d00000, 0x0000000084e00000|  0%| F|  |TAMS 0x0000000084d00000| PB 0x0000000084d00000| Untracked 
|  38|0x0000000084e00000, 0x0000000084e00000, 0x0000000084f00000|  0%| F|  |TAMS 0x0000000084e00000| PB 0x0000000084e00000| Untracked 
|  39|0x0000000084f00000, 0x0000000084f00000, 0x0000000085000000|  0%| F|  |TAMS 0x0000000084f00000| PB 0x0000000084f00000| Untracked 
|  40|0x0000000085000000, 0x0000000085000000, 0x0000000085100000|  0%| F|  |TAMS 0x0000000085000000| PB 0x0000000085000000| Untracked 
|  41|0x0000000085100000, 0x0000000085100000, 0x0000000085200000|  0%| F|  |TAMS 0x0000000085100000| PB 0x0000000085100000| Untracked 
|  42|0x0000000085200000, 0x0000000085200000, 0x0000000085300000|  0%| F|  |TAMS 0x0000000085200000| PB 0x0000000085200000| Untracked 
|  43|0x0000000085300000, 0x0000000085300000, 0x0000000085400000|  0%| F|  |TAMS 0x0000000085300000| PB 0x0000000085300000| Untracked 
|  44|0x0000000085400000, 0x0000000085400000, 0x0000000085500000|  0%| F|  |TAMS 0x0000000085400000| PB 0x0000000085400000| Untracked 
|  45|0x0000000085500000, 0x0000000085500000, 0x0000000085600000|  0%| F|  |TAMS 0x0000000085500000| PB 0x0000000085500000| Untracked 
|  46|0x0000000085600000, 0x0000000085600000, 0x0000000085700000|  0%| F|  |TAMS 0x0000000085600000| PB 0x0000000085600000| Untracked 
|  47|0x0000000085700000, 0x0000000085700000, 0x0000000085800000|  0%| F|  |TAMS 0x0000000085700000| PB 0x0000000085700000| Untracked 
|  48|0x0000000085800000, 0x0000000085800000, 0x0000000085900000|  0%| F|  |TAMS 0x0000000085800000| PB 0x0000000085800000| Untracked 
|  49|0x0000000085900000, 0x0000000085900000, 0x0000000085a00000|  0%| F|  |TAMS 0x0000000085900000| PB 0x0000000085900000| Untracked 
|  50|0x0000000085a00000, 0x0000000085a00000, 0x0000000085b00000|  0%| F|  |TAMS 0x0000000085a00000| PB 0x0000000085a00000| Untracked 
|  51|0x0000000085b00000, 0x0000000085b00000, 0x0000000085c00000|  0%| F|  |TAMS 0x0000000085b00000| PB 0x0000000085b00000| Untracked 
|  52|0x0000000085c00000, 0x0000000085c00000, 0x0000000085d00000|  0%| F|  |TAMS 0x0000000085c00000| PB 0x0000000085c00000| Untracked 
|  53|0x0000000085d00000, 0x0000000085d00000, 0x0000000085e00000|  0%| F|  |TAMS 0x0000000085d00000| PB 0x0000000085d00000| Untracked 
|  54|0x0000000085e00000, 0x0000000085e00000, 0x0000000085f00000|  0%| F|  |TAMS 0x0000000085e00000| PB 0x0000000085e00000| Untracked 
|  55|0x0000000085f00000, 0x0000000085f00000, 0x0000000086000000|  0%| F|  |TAMS 0x0000000085f00000| PB 0x0000000085f00000| Untracked 
|  56|0x0000000086000000, 0x0000000086000000, 0x0000000086100000|  0%| F|  |TAMS 0x0000000086000000| PB 0x0000000086000000| Untracked 
|  57|0x0000000086100000, 0x0000000086100000, 0x0000000086200000|  0%| F|  |TAMS 0x0000000086100000| PB 0x0000000086100000| Untracked 
|  58|0x0000000086200000, 0x0000000086200000, 0x0000000086300000|  0%| F|  |TAMS 0x0000000086200000| PB 0x0000000086200000| Untracked 
|  59|0x0000000086300000, 0x0000000086300000, 0x0000000086400000|  0%| F|  |TAMS 0x0000000086300000| PB 0x0000000086300000| Untracked 
|  60|0x0000000086400000, 0x0000000086400000, 0x0000000086500000|  0%| F|  |TAMS 0x0000000086400000| PB 0x0000000086400000| Untracked 
|  61|0x0000000086500000, 0x0000000086500000, 0x0000000086600000|  0%| F|  |TAMS 0x0000000086500000| PB 0x0000000086500000| Untracked 
|  62|0x0000000086600000, 0x0000000086600000, 0x0000000086700000|  0%| F|  |TAMS 0x0000000086600000| PB 0x0000000086600000| Untracked 
|  63|0x0000000086700000, 0x0000000086700000, 0x0000000086800000|  0%| F|  |TAMS 0x0000000086700000| PB 0x0000000086700000| Untracked 
|  64|0x0000000086800000, 0x0000000086800000, 0x0000000086900000|  0%| F|  |TAMS 0x0000000086800000| PB 0x0000000086800000| Untracked 
|  65|0x0000000086900000, 0x0000000086900000, 0x0000000086a00000|  0%| F|  |TAMS 0x0000000086900000| PB 0x0000000086900000| Untracked 
|  66|0x0000000086a00000, 0x0000000086a00000, 0x0000000086b00000|  0%| F|  |TAMS 0x0000000086a00000| PB 0x0000000086a00000| Untracked 
|  67|0x0000000086b00000, 0x0000000086b00000, 0x0000000086c00000|  0%| F|  |TAMS 0x0000000086b00000| PB 0x0000000086b00000| Untracked 
|  68|0x0000000086c00000, 0x0000000086c00000, 0x0000000086d00000|  0%| F|  |TAMS 0x0000000086c00000| PB 0x0000000086c00000| Untracked 
|  69|0x0000000086d00000, 0x0000000086d00000, 0x0000000086e00000|  0%| F|  |TAMS 0x0000000086d00000| PB 0x0000000086d00000| Untracked 
|  70|0x0000000086e00000, 0x0000000086e00000, 0x0000000086f00000|  0%| F|  |TAMS 0x0000000086e00000| PB 0x0000000086e00000| Untracked 
|  71|0x0000000086f00000, 0x0000000086f00000, 0x0000000087000000|  0%| F|  |TAMS 0x0000000086f00000| PB 0x0000000086f00000| Untracked 
|  72|0x0000000087000000, 0x0000000087000000, 0x0000000087100000|  0%| F|  |TAMS 0x0000000087000000| PB 0x0000000087000000| Untracked 
|  73|0x0000000087100000, 0x0000000087100000, 0x0000000087200000|  0%| F|  |TAMS 0x0000000087100000| PB 0x0000000087100000| Untracked 
|  74|0x0000000087200000, 0x0000000087200000, 0x0000000087300000|  0%| F|  |TAMS 0x0000000087200000| PB 0x0000000087200000| Untracked 
|  75|0x0000000087300000, 0x0000000087300000, 0x0000000087400000|  0%| F|  |TAMS 0x0000000087300000| PB 0x0000000087300000| Untracked 
|  76|0x0000000087400000, 0x0000000087400000, 0x0000000087500000|  0%| F|  |TAMS 0x0000000087400000| PB 0x0000000087400000| Untracked 
|  77|0x0000000087500000, 0x0000000087500000, 0x0000000087600000|  0%| F|  |TAMS 0x0000000087500000| PB 0x0000000087500000| Untracked 
|  78|0x0000000087600000, 0x0000000087600000, 0x0000000087700000|  0%| F|  |TAMS 0x0000000087600000| PB 0x0000000087600000| Untracked 
|  79|0x0000000087700000, 0x0000000087700000, 0x0000000087800000|  0%| F|  |TAMS 0x0000000087700000| PB 0x0000000087700000| Untracked 
|  80|0x0000000087800000, 0x0000000087800000, 0x0000000087900000|  0%| F|  |TAMS 0x0000000087800000| PB 0x0000000087800000| Untracked 
|  81|0x0000000087900000, 0x0000000087900000, 0x0000000087a00000|  0%| F|  |TAMS 0x0000000087900000| PB 0x0000000087900000| Untracked 
|  82|0x0000000087a00000, 0x0000000087a00000, 0x0000000087b00000|  0%| F|  |TAMS 0x0000000087a00000| PB 0x0000000087a00000| Untracked 
|  83|0x0000000087b00000, 0x0000000087b00000, 0x0000000087c00000|  0%| F|  |TAMS 0x0000000087b00000| PB 0x0000000087b00000| Untracked 
|  84|0x0000000087c00000, 0x0000000087c00000, 0x0000000087d00000|  0%| F|  |TAMS 0x0000000087c00000| PB 0x0000000087c00000| Untracked 
|  85|0x0000000087d00000, 0x0000000087d00000, 0x0000000087e00000|  0%| F|  |TAMS 0x0000000087d00000| PB 0x0000000087d00000| Untracked 
|  86|0x0000000087e00000, 0x0000000087e00000, 0x0000000087f00000|  0%| F|  |TAMS 0x0000000087e00000| PB 0x0000000087e00000| Untracked 
|  87|0x0000000087f00000, 0x0000000087f00000, 0x0000000088000000|  0%| F|  |TAMS 0x0000000087f00000| PB 0x0000000087f00000| Untracked 
|  88|0x0000000088000000, 0x0000000088000000, 0x0000000088100000|  0%| F|  |TAMS 0x0000000088000000| PB 0x0000000088000000| Untracked 
|  89|0x0000000088100000, 0x0000000088100000, 0x0000000088200000|  0%| F|  |TAMS 0x0000000088100000| PB 0x0000000088100000| Untracked 
|  90|0x0000000088200000, 0x0000000088200000, 0x0000000088300000|  0%| F|  |TAMS 0x0000000088200000| PB 0x0000000088200000| Untracked 
|  91|0x0000000088300000, 0x0000000088300000, 0x0000000088400000|  0%| F|  |TAMS 0x0000000088300000| PB 0x0000000088300000| Untracked 
|  92|0x0000000088400000, 0x0000000088400000, 0x0000000088500000|  0%| F|  |TAMS 0x0000000088400000| PB 0x0000000088400000| Untracked 
|  93|0x0000000088500000, 0x0000000088500000, 0x0000000088600000|  0%| F|  |TAMS 0x0000000088500000| PB 0x0000000088500000| Untracked 
|  94|0x0000000088600000, 0x0000000088600000, 0x0000000088700000|  0%| F|  |TAMS 0x0000000088600000| PB 0x0000000088600000| Untracked 
|  95|0x0000000088700000, 0x0000000088700000, 0x0000000088800000|  0%| F|  |TAMS 0x0000000088700000| PB 0x0000000088700000| Untracked 
|  96|0x0000000088800000, 0x0000000088800000, 0x0000000088900000|  0%| F|  |TAMS 0x0000000088800000| PB 0x0000000088800000| Untracked 
|  97|0x0000000088900000, 0x0000000088900000, 0x0000000088a00000|  0%| F|  |TAMS 0x0000000088900000| PB 0x0000000088900000| Untracked 
|  98|0x0000000088a00000, 0x0000000088a00000, 0x0000000088b00000|  0%| F|  |TAMS 0x0000000088a00000| PB 0x0000000088a00000| Untracked 
|  99|0x0000000088b00000, 0x0000000088b00000, 0x0000000088c00000|  0%| F|  |TAMS 0x0000000088b00000| PB 0x0000000088b00000| Untracked 
| 100|0x0000000088c00000, 0x0000000088d00000, 0x0000000088d00000|100%| S|CS|TAMS 0x0000000088c00000| PB 0x0000000088c00000| Complete 
| 101|0x0000000088d00000, 0x0000000088e00000, 0x0000000088e00000|100%| S|CS|TAMS 0x0000000088d00000| PB 0x0000000088d00000| Complete 
| 102|0x0000000088e00000, 0x0000000088f00000, 0x0000000088f00000|100%| S|CS|TAMS 0x0000000088e00000| PB 0x0000000088e00000| Complete 
| 103|0x0000000088f00000, 0x0000000088f00000, 0x0000000089000000|  0%| F|  |TAMS 0x0000000088f00000| PB 0x0000000088f00000| Untracked 
| 104|0x0000000089000000, 0x0000000089000000, 0x0000000089100000|  0%| F|  |TAMS 0x0000000089000000| PB 0x0000000089000000| Untracked 
| 105|0x0000000089100000, 0x0000000089100000, 0x0000000089200000|  0%| F|  |TAMS 0x0000000089100000| PB 0x0000000089100000| Untracked 
| 106|0x0000000089200000, 0x00000000892a9d30, 0x0000000089300000| 66%| E|  |TAMS 0x0000000089200000| PB 0x0000000089200000| Complete 
| 107|0x0000000089300000, 0x0000000089400000, 0x0000000089400000|100%| E|CS|TAMS 0x0000000089300000| PB 0x0000000089300000| Complete 
| 108|0x0000000089400000, 0x0000000089500000, 0x0000000089500000|100%| E|CS|TAMS 0x0000000089400000| PB 0x0000000089400000| Complete 
| 109|0x0000000089500000, 0x0000000089600000, 0x0000000089600000|100%| E|CS|TAMS 0x0000000089500000| PB 0x0000000089500000| Complete 
| 110|0x0000000089600000, 0x0000000089700000, 0x0000000089700000|100%| E|CS|TAMS 0x0000000089600000| PB 0x0000000089600000| Complete 
| 111|0x0000000089700000, 0x0000000089800000, 0x0000000089800000|100%| E|CS|TAMS 0x0000000089700000| PB 0x0000000089700000| Complete 
| 112|0x0000000089800000, 0x0000000089900000, 0x0000000089900000|100%| E|CS|TAMS 0x0000000089800000| PB 0x0000000089800000| Complete 
| 113|0x0000000089900000, 0x0000000089a00000, 0x0000000089a00000|100%| E|CS|TAMS 0x0000000089900000| PB 0x0000000089900000| Complete 
| 114|0x0000000089a00000, 0x0000000089b00000, 0x0000000089b00000|100%| E|CS|TAMS 0x0000000089a00000| PB 0x0000000089a00000| Complete 
| 115|0x0000000089b00000, 0x0000000089c00000, 0x0000000089c00000|100%| E|CS|TAMS 0x0000000089b00000| PB 0x0000000089b00000| Complete 
| 116|0x0000000089c00000, 0x0000000089d00000, 0x0000000089d00000|100%| E|CS|TAMS 0x0000000089c00000| PB 0x0000000089c00000| Complete 
| 117|0x0000000089d00000, 0x0000000089e00000, 0x0000000089e00000|100%| E|CS|TAMS 0x0000000089d00000| PB 0x0000000089d00000| Complete 
| 118|0x0000000089e00000, 0x0000000089f00000, 0x0000000089f00000|100%| E|CS|TAMS 0x0000000089e00000| PB 0x0000000089e00000| Complete 
| 119|0x0000000089f00000, 0x000000008a000000, 0x000000008a000000|100%| E|CS|TAMS 0x0000000089f00000| PB 0x0000000089f00000| Complete 
| 120|0x000000008a000000, 0x000000008a100000, 0x000000008a100000|100%| E|CS|TAMS 0x000000008a000000| PB 0x000000008a000000| Complete 
| 121|0x000000008a100000, 0x000000008a200000, 0x000000008a200000|100%| E|CS|TAMS 0x000000008a100000| PB 0x000000008a100000| Complete 
| 122|0x000000008a200000, 0x000000008a300000, 0x000000008a300000|100%| E|CS|TAMS 0x000000008a200000| PB 0x000000008a200000| Complete 
| 123|0x000000008a300000, 0x000000008a400000, 0x000000008a400000|100%| E|CS|TAMS 0x000000008a300000| PB 0x000000008a300000| Complete 
| 124|0x000000008a400000, 0x000000008a500000, 0x000000008a500000|100%| E|CS|TAMS 0x000000008a400000| PB 0x000000008a400000| Complete 
| 125|0x000000008a500000, 0x000000008a600000, 0x000000008a600000|100%| E|CS|TAMS 0x000000008a500000| PB 0x000000008a500000| Complete 

Card table byte_map: [0x000002a9fb140000,0x000002a9fb530000] _byte_map_base: 0x000002a9fad2c000

Marking Bits: (CMBitMap*) 0x000002a9fa9c5300
 Bits: [0x000002a9fb920000, 0x000002a9fd880000)

Polling page: 0x000002a9f88f0000

Metaspace:

Usage:
  Non-class:     15.77 MB used.
      Class:      2.37 MB used.
       Both:     18.14 MB used.

Virtual space:
  Non-class space:       64.00 MB reserved,      15.94 MB ( 25%) committed,  1 nodes.
      Class space:        1.00 GB reserved,       2.50 MB ( <1%) committed,  1 nodes.
             Both:        1.06 GB reserved,      18.44 MB (  2%) committed. 

Chunk freelists:
   Non-Class:  3.84 MB
       Class:  1.39 MB
        Both:  5.23 MB

MaxMetaspaceSize: unlimited
CompressedClassSpaceSize: 1.00 GB
Initial GC threshold: 21.00 MB
Current GC threshold: 21.00 MB
CDS: on
MetaspaceReclaimPolicy: balanced
 - commit_granule_bytes: 65536.
 - commit_granule_words: 8192.
 - virtual_space_node_default_size: 8388608.
 - enlarge_chunks_in_place: 1.
 - new_chunks_are_fully_committed: 0.
 - uncommit_free_chunks: 1.
 - use_allocation_guard: 0.


Internal statistics:

num_allocs_failed_limit: 0.
num_arena_births: 188.
num_arena_deaths: 0.
num_vsnodes_births: 2.
num_vsnodes_deaths: 0.
num_space_committed: 295.
num_space_uncommitted: 0.
num_chunks_returned_to_freelist: 0.
num_chunks_taken_from_freelist: 534.
num_chunk_merges: 0.
num_chunk_splits: 374.
num_chunks_enlarged: 280.
num_inconsistent_stats: 0.

CodeHeap 'non-profiled nmethods': size=120000Kb used=511Kb max_used=511Kb free=119488Kb
 bounds [0x000002a98fae0000, 0x000002a98fd50000, 0x000002a997010000]
CodeHeap 'profiled nmethods': size=120000Kb used=3017Kb max_used=3017Kb free=116982Kb
 bounds [0x000002a988010000, 0x000002a988310000, 0x000002a98f540000]
CodeHeap 'non-nmethods': size=5760Kb used=1599Kb max_used=1624Kb free=4160Kb
 bounds [0x000002a98f540000, 0x000002a98f7b0000, 0x000002a98fae0000]
 total_blobs=2230 nmethods=1619 adapters=522
 compilation: enabled
              stopped_count=0, restarted_count=0
 full_count=0

Compilation events (20 events):
Event: 2.673 Thread 0x000002a9972e56b0 1600       3       java.lang.reflect.Proxy::getProxyConstructor (92 bytes)
Event: 2.674 Thread 0x000002a9972e56b0 nmethod 1600 0x000002a9882efe10 code [0x000002a9882f0100, 0x000002a9882f1750]
Event: 2.674 Thread 0x000002a9972e56b0 1601   !   3       java.lang.reflect.Proxy::newProxyInstance (75 bytes)
Event: 2.675 Thread 0x000002a9972e56b0 nmethod 1601 0x000002a9882f1d10 code [0x000002a9882f1f60, 0x000002a9882f2b48]
Event: 2.675 Thread 0x000002a9972e56b0 1602       3       java.lang.reflect.Proxy::<init> (15 bytes)
Event: 2.675 Thread 0x000002a9972e56b0 nmethod 1602 0x000002a9882f3010 code [0x000002a9882f31c0, 0x000002a9882f34e8]
Event: 2.675 Thread 0x000002a9972e56b0 1603       3       java.nio.ByteBuffer::limit (6 bytes)
Event: 2.675 Thread 0x000002a9972e56b0 nmethod 1603 0x000002a9882f3610 code [0x000002a9882f37a0, 0x000002a9882f3968]
Event: 2.682 Thread 0x000002a9972e56b0 1604       3       org.hibernate.models.internal.AbstractTypeDescriptor::createAttributeDescriptor (11 bytes)
Event: 2.682 Thread 0x000002a9972e56b0 nmethod 1604 0x000002a9882f3a10 code [0x000002a9882f3ba0, 0x000002a9882f3d40]
Event: 2.688 Thread 0x000002a9972e56b0 1605       3       java.lang.Module::implIsExportedOrOpen (92 bytes)
Event: 2.689 Thread 0x000002a9972e56b0 nmethod 1605 0x000002a9882f3e10 code [0x000002a9882f4020, 0x000002a9882f4738]
Event: 2.689 Thread 0x000002a9972e56b0 1606       3       jdk.internal.org.objectweb.asm.MethodWriter::addSuccessorToCurrentBasicBlock (24 bytes)
Event: 2.689 Thread 0x000002a9972e56b0 nmethod 1606 0x000002a9882f4910 code [0x000002a9882f4ac0, 0x000002a9882f4e18]
Event: 2.689 Thread 0x000002a9972e56b0 1607       3       java.lang.invoke.MemberName::asSpecial (89 bytes)
Event: 2.689 Thread 0x000002a9972e56b0 nmethod 1607 0x000002a9882f4f90 code [0x000002a9882f5240, 0x000002a9882f5ed8]
Event: 2.692 Thread 0x000002a9972e56b0 1608       3       org.hibernate.models.spi.AnnotationTarget$Kind::from (67 bytes)
Event: 2.693 Thread 0x000002a9972e56b0 nmethod 1608 0x000002a9882f6310 code [0x000002a9882f6500, 0x000002a9882f6bb0]
Event: 2.706 Thread 0x000002a9972e56b0 1609       3       java.lang.Class::getDeclaredMethod (63 bytes)
Event: 2.708 Thread 0x000002a9972e56b0 nmethod 1609 0x000002a9882f6e90 code [0x000002a9882f7120, 0x000002a9882f7c90]

GC Heap History (2 events):
Event: 1.494 GC heap before
{Heap before GC invocations=0 (full 0):
 garbage-first heap   total 129024K, used 23552K [0x0000000082800000, 0x0000000100000000)
  region size 1024K, 23 young (23552K), 0 survivors (0K)
 Metaspace       used 13198K, committed 13440K, reserved 1114112K
  class space    used 1543K, committed 1664K, reserved 1048576K
}
Event: 1.510 GC heap after
{Heap after GC invocations=1 (full 0):
 garbage-first heap   total 129024K, used 6080K [0x0000000082800000, 0x0000000100000000)
  region size 1024K, 3 young (3072K), 3 survivors (3072K)
 Metaspace       used 13198K, committed 13440K, reserved 1114112K
  class space    used 1543K, committed 1664K, reserved 1048576K
}

Dll operation events (9 events):
Event: 0.013 Loaded shared library C:\Program Files\Java\jdk-20\bin\java.dll
Event: 0.040 Loaded shared library C:\Program Files\Java\jdk-20\bin\jsvml.dll
Event: 0.122 Loaded shared library C:\Program Files\Java\jdk-20\bin\jimage.dll
Event: 0.131 Loaded shared library C:\Program Files\Java\jdk-20\bin\net.dll
Event: 0.133 Loaded shared library C:\Program Files\Java\jdk-20\bin\nio.dll
Event: 0.146 Loaded shared library C:\Program Files\Java\jdk-20\bin\zip.dll
Event: 0.214 Loaded shared library C:\Program Files\Java\jdk-20\bin\awt.dll
Event: 0.411 Loaded shared library C:\Program Files\Java\jdk-20\bin\freetype.dll
Event: 0.412 Loaded shared library C:\Program Files\Java\jdk-20\bin\fontmanager.dll

Deoptimization events (20 events):
Event: 1.641 Thread 0x000002a9dc67c3c0 DEOPT PACKING pc=0x000002a98fb41530 sp=0x000000c3ed6fd580
Event: 1.641 Thread 0x000002a9dc67c3c0 DEOPT UNPACKING pc=0x000002a98f5a9d22 sp=0x000000c3ed6fd4f8 mode 2
Event: 1.641 Thread 0x000002a9dc67c3c0 Uncommon trap: trap_request=0xffffffde fr.pc=0x000002a98fb41530 relative=0x0000000000000130
Event: 1.641 Thread 0x000002a9dc67c3c0 Uncommon trap: reason=class_check action=maybe_recompile pc=0x000002a98fb41530 method=jdk.internal.misc.Unsafe.allocateUninitializedArray(Ljava/lang/Class;I)Ljava/lang/Object; @ 51 c2
Event: 1.641 Thread 0x000002a9dc67c3c0 DEOPT PACKING pc=0x000002a98fb41530 sp=0x000000c3ed6fd580
Event: 1.641 Thread 0x000002a9dc67c3c0 DEOPT UNPACKING pc=0x000002a98f5a9d22 sp=0x000000c3ed6fd4f8 mode 2
Event: 1.641 Thread 0x000002a9dc67c3c0 Uncommon trap: trap_request=0xffffffde fr.pc=0x000002a98fb41530 relative=0x0000000000000130
Event: 1.641 Thread 0x000002a9dc67c3c0 Uncommon trap: reason=class_check action=maybe_recompile pc=0x000002a98fb41530 method=jdk.internal.misc.Unsafe.allocateUninitializedArray(Ljava/lang/Class;I)Ljava/lang/Object; @ 51 c2
Event: 1.641 Thread 0x000002a9dc67c3c0 DEOPT PACKING pc=0x000002a98fb41530 sp=0x000000c3ed6fd580
Event: 1.641 Thread 0x000002a9dc67c3c0 DEOPT UNPACKING pc=0x000002a98f5a9d22 sp=0x000000c3ed6fd4f8 mode 2
Event: 1.895 Thread 0x000002a9dc67c3c0 Uncommon trap: trap_request=0xffffff45 fr.pc=0x000002a98fb28b80 relative=0x00000000000001e0
Event: 1.895 Thread 0x000002a9dc67c3c0 Uncommon trap: reason=unstable_if action=reinterpret pc=0x000002a98fb28b80 method=java.io.WinNTFileSystem.normalize(Ljava/lang/String;)Ljava/lang/String; @ 128 c2
Event: 1.895 Thread 0x000002a9dc67c3c0 DEOPT PACKING pc=0x000002a98fb28b80 sp=0x000000c3ed6fd2b0
Event: 1.895 Thread 0x000002a9dc67c3c0 DEOPT UNPACKING pc=0x000002a98f5a9d22 sp=0x000000c3ed6fd238 mode 2
Event: 2.071 Thread 0x000002a9dc67c3c0 Uncommon trap: trap_request=0xffffff45 fr.pc=0x000002a98fb3c7a8 relative=0x0000000000000e28
Event: 2.071 Thread 0x000002a9dc67c3c0 Uncommon trap: reason=unstable_if action=reinterpret pc=0x000002a98fb3c7a8 method=java.util.concurrent.ConcurrentHashMap.putVal(Ljava/lang/Object;Ljava/lang/Object;Z)Ljava/lang/Object; @ 231 c2
Event: 2.071 Thread 0x000002a9dc67c3c0 DEOPT PACKING pc=0x000002a98fb3c7a8 sp=0x000000c3ed6fe380
Event: 2.071 Thread 0x000002a9dc67c3c0 DEOPT UNPACKING pc=0x000002a98f5a9d22 sp=0x000000c3ed6fe2f0 mode 2
Event: 2.395 Thread 0x000002a9dc67c3c0 DEOPT PACKING pc=0x000002a988295257 sp=0x000000c3ed6fca50
Event: 2.395 Thread 0x000002a9dc67c3c0 DEOPT UNPACKING pc=0x000002a98f5aa4c2 sp=0x000000c3ed6fbf28 mode 0

Classes loaded (20 events):
Event: 2.035 Loading class java/time/format/DateTimeParseException
Event: 2.035 Loading class java/time/DateTimeException
Event: 2.036 Loading class java/time/DateTimeException done
Event: 2.036 Loading class java/time/format/DateTimeParseException done
Event: 2.048 Loading class java/util/Currency
Event: 2.048 Loading class java/util/Currency done
Event: 2.054 Loading class java/net/UnknownHostException
Event: 2.054 Loading class java/net/UnknownHostException done
Event: 2.115 Loading class java/lang/IndexOutOfBoundsException
Event: 2.116 Loading class java/lang/IndexOutOfBoundsException done
Event: 2.330 Loading class java/lang/annotation/ElementType
Event: 2.330 Loading class java/lang/annotation/ElementType done
Event: 2.330 Loading class java/lang/Deprecated
Event: 2.330 Loading class java/lang/Deprecated done
Event: 2.330 Loading class java/lang/annotation/Documented
Event: 2.331 Loading class java/lang/annotation/Documented done
Event: 2.331 Loading class java/lang/FunctionalInterface
Event: 2.331 Loading class java/lang/FunctionalInterface done
Event: 2.399 Loading class java/lang/annotation/Repeatable
Event: 2.400 Loading class java/lang/annotation/Repeatable done

Classes unloaded (0 events):
No events

Classes redefined (0 events):
No events

Internal exceptions (20 events):
Event: 0.537 Thread 0x000002a9fa962910 Exception <a 'java/lang/ClassNotFoundException'{0x0000000089fce348}: TreeCell> (0x0000000089fce348) 
thrown [s\open\src\hotspot\share\classfile\systemDictionary.cpp, line 305]
Event: 0.537 Thread 0x000002a9fa962910 Exception <a 'java/lang/ClassNotFoundException'{0x0000000089fceaf0}: RootPane> (0x0000000089fceaf0) 
thrown [s\open\src\hotspot\share\classfile\systemDictionary.cpp, line 305]
Event: 0.541 Thread 0x000002a9fa962910 Exception <a 'java/lang/ClassNotFoundException'{0x0000000089fd1898}: com/sun/swing/internal/plaf/metal/resources/spi/metalProvider> (0x0000000089fd1898) 
thrown [s\open\src\hotspot\share\classfile\systemDictionary.cpp, line 305]
Event: 0.542 Thread 0x000002a9fa962910 Exception <a 'java/lang/ClassNotFoundException'{0x0000000089fd5548}: com/sun/swing/internal/plaf/basic/resources/spi/basicProvider> (0x0000000089fd5548) 
thrown [s\open\src\hotspot\share\classfile\systemDictionary.cpp, line 305]
Event: 0.576 Thread 0x000002a9dc67c3c0 Exception <a 'java/lang/ClassNotFoundException'{0x0000000089d026c8}: com/sun/swing/internal/plaf/synth/resources/spi/synthProvider> (0x0000000089d026c8) 
thrown [s\open\src\hotspot\share\classfile\systemDictionary.cpp, line 305]
Event: 0.598 Thread 0x000002a9dc67c3c0 Exception <a 'java/lang/NoSuchMethodError'{0x0000000089d45ef8}: 'int java.lang.invoke.Invokers$Holder.invokeExact_MT(java.lang.Object, java.lang.Object)'> (0x0000000089d45ef8) 
thrown [s\open\src\hotspot\share\interpreter\linkResolver.cpp, line 773]
Event: 0.673 Thread 0x000002a9dc67c3c0 Exception <a 'java/lang/NoSuchMethodError'{0x0000000089b7b260}: 'java.lang.ClassLoader java.lang.Class.getClassLoader(java.lang.Class)'> (0x0000000089b7b260) 
thrown [s\open\src\hotspot\share\interpreter\linkResolver.cpp, line 773]
Event: 0.674 Thread 0x000002a9dc67c3c0 Exception <a 'java/lang/NoSuchMethodError'{0x0000000089b82c30}: 'java.lang.Object java.lang.invoke.DirectMethodHandle$Holder.invokeStatic(java.lang.Object, java.lang.Object, int)'> (0x0000000089b82c30) 
thrown [s\open\src\hotspot\share\interpreter\linkResolver.cpp, line 773]
Event: 0.675 Thread 0x000002a9dc67c3c0 Exception <a 'java/lang/NoSuchMethodError'{0x0000000089b8e330}: 'void java.lang.invoke.DelegatingMethodHandle$Holder.delegate(java.lang.Object, java.lang.Object, int, java.lang.Object)'> (0x0000000089b8e330) 
thrown [s\open\src\hotspot\share\interpreter\linkResolver.cpp, line 773]
Event: 0.675 Thread 0x000002a9dc67c3c0 Exception <a 'java/lang/NoSuchMethodError'{0x0000000089b923d0}: 'int java.lang.invoke.DirectMethodHandle$Holder.invokeSpecial(java.lang.Object, java.lang.Object, java.lang.Object)'> (0x0000000089b923d0) 
thrown [s\open\src\hotspot\share\interpreter\linkResolver.cpp, line 773]
Event: 0.785 Thread 0x000002a9dc67c3c0 Exception <a 'java/lang/ClassNotFoundException'{0x0000000089963678}: com/sun/org/apache/xerces/internal/impl/xpath/regex/spi/messageProvider> (0x0000000089963678) 
thrown [s\open\src\hotspot\share\classfile\systemDictionary.cpp, line 305]
Event: 0.856 Thread 0x000002a9dc67c3c0 Exception <a 'java/lang/NoSuchMethodError'{0x0000000089847e20}: 'java.lang.Object java.lang.invoke.DirectMethodHandle$Holder.invokeInterface(java.lang.Object, java.lang.Object)'> (0x0000000089847e20) 
thrown [s\open\src\hotspot\share\interpreter\linkResolver.cpp, line 773]
Event: 1.307 Thread 0x000002a9dc67c3c0 Exception <a 'java/lang/NoSuchMethodError'{0x00000000892dc1e8}: 'void java.lang.invoke.Invokers$Holder.invokeExact_MT(java.lang.Object, java.lang.Object, java.lang.Object, java.lang.Object)'> (0x00000000892dc1e8) 
thrown [s\open\src\hotspot\share\interpreter\linkResolver.cpp, line 773]
Event: 1.751 Thread 0x000002a9dc67c3c0 Exception <a 'java/lang/NoSuchMethodError'{0x000000008a170910}: 'java.lang.Object java.lang.invoke.DirectMethodHandle$Holder.invokeStaticInit(java.lang.Object, int, int, int, int)'> (0x000000008a170910) 
thrown [s\open\src\hotspot\share\interpreter\linkResolver.cpp, line 773]
Event: 1.933 Thread 0x000002a9dc67c3c0 Exception <a 'java/lang/NoSuchMethodError'{0x000000008a042ef0}: 'java.lang.Object java.lang.invoke.DirectMethodHandle$Holder.invokeStaticInit(java.lang.Object, java.lang.Object, int, int, int, int)'> (0x000000008a042ef0) 
thrown [s\open\src\hotspot\share\interpreter\linkResolver.cpp, line 773]
Event: 2.120 Thread 0x000002a9dc67c3c0 Exception <a 'java/lang/NoSuchMethodError'{0x0000000089dad570}: 'java.lang.Object java.lang.invoke.Invokers$Holder.invokeExact_MT(java.lang.Object, java.lang.Object, java.lang.Object, java.lang.Object, java.lang.Object, java.lang.Object)'> (0x0000000089dad570) 
thrown [s\open\src\hotspot\share\interpreter\linkResolver.cpp, line 773]
Event: 2.145 Thread 0x000002a9dc67c3c0 Exception <a 'java/lang/NoSuchMethodError'{0x0000000089dfbce8}: 'java.lang.Object java.lang.invoke.DirectMethodHandle$Holder.invokeInterface(java.lang.Object, java.lang.Object, java.lang.Object)'> (0x0000000089dfbce8) 
thrown [s\open\src\hotspot\share\interpreter\linkResolver.cpp, line 773]
Event: 2.302 Thread 0x000002a9dc67c3c0 Exception <a 'java/lang/NoSuchMethodError'{0x0000000089a46960}: 'void java.lang.invoke.DirectMethodHandle$Holder.invokeStatic(java.lang.Object, java.lang.Object, java.lang.Object)'> (0x0000000089a46960) 
thrown [s\open\src\hotspot\share\interpreter\linkResolver.cpp, line 773]
Event: 2.305 Thread 0x000002a9dc67c3c0 Exception <a 'java/lang/NoSuchMethodError'{0x0000000089a49dd0}: 'void java.lang.invoke.DirectMethodHandle$Holder.invokeStaticInit(java.lang.Object, java.lang.Object, java.lang.Object)'> (0x0000000089a49dd0) 
thrown [s\open\src\hotspot\share\interpreter\linkResolver.cpp, line 773]
Event: 2.350 Thread 0x000002a9dc67c3c0 Exception <a 'java/lang/NoSuchMethodError'{0x0000000089ad8d38}: 'void java.lang.invoke.DirectMethodHandle$Holder.invokeInterface(java.lang.Object, java.lang.Object, java.lang.Object)'> (0x0000000089ad8d38) 
thrown [s\open\src\hotspot\share\interpreter\linkResolver.cpp, line 773]

VM Operations (20 events):
Event: 0.968 Executing VM operation: HandshakeAllThreads
Event: 0.968 Executing VM operation: HandshakeAllThreads done
Event: 0.973 Executing VM operation: HandshakeAllThreads
Event: 0.973 Executing VM operation: HandshakeAllThreads done
Event: 1.377 Executing VM operation: HandshakeAllThreads
Event: 1.377 Executing VM operation: HandshakeAllThreads done
Event: 1.377 Executing VM operation: Cleanup
Event: 1.378 Executing VM operation: Cleanup done
Event: 1.494 Executing VM operation: G1CollectForAllocation
Event: 1.510 Executing VM operation: G1CollectForAllocation done
Event: 1.696 Executing VM operation: HandshakeAllThreads
Event: 1.696 Executing VM operation: HandshakeAllThreads done
Event: 1.722 Executing VM operation: HandshakeAllThreads
Event: 1.722 Executing VM operation: HandshakeAllThreads done
Event: 1.779 Executing VM operation: HandshakeAllThreads
Event: 1.779 Executing VM operation: HandshakeAllThreads done
Event: 2.218 Executing VM operation: HandshakeAllThreads
Event: 2.218 Executing VM operation: HandshakeAllThreads done
Event: 3.227 Executing VM operation: Cleanup
Event: 3.227 Executing VM operation: Cleanup done

Events (19 events):
Event: 0.041 Thread 0x000002a9fa962910 Thread added: 0x000002a9fa962910
Event: 0.054 Thread 0x000002a9972d3a60 Thread added: 0x000002a9972d3a60
Event: 0.055 Thread 0x000002a9972d6120 Thread added: 0x000002a9972d6120
Event: 0.055 Thread 0x000002a9972dba80 Thread added: 0x000002a9972dba80
Event: 0.055 Thread 0x000002a9972dc3c0 Thread added: 0x000002a9972dc3c0
Event: 0.055 Thread 0x000002a9972de3e0 Thread added: 0x000002a9972de3e0
Event: 0.055 Thread 0x000002a9972ded20 Thread added: 0x000002a9972ded20
Event: 0.055 Thread 0x000002a9972e3480 Thread added: 0x000002a9972e3480
Event: 0.055 Thread 0x000002a9972e56b0 Thread added: 0x000002a9972e56b0
Event: 0.098 Thread 0x000002a9dc6226a0 Thread added: 0x000002a9dc6226a0
Event: 0.102 Thread 0x000002a9dc63c4b0 Thread added: 0x000002a9dc63c4b0
Event: 0.141 Thread 0x000002a9dc67c430 Thread added: 0x000002a9dc67c430
Event: 0.292 Thread 0x000002a9dca93b50 Thread added: 0x000002a9dca93b50
Event: 0.294 Thread 0x000002a9dcab8010 Thread added: 0x000002a9dcab8010
Event: 0.295 Thread 0x000002a9dcab9350 Thread added: 0x000002a9dcab9350
Event: 0.538 Thread 0x000002a9dc67c430 Thread exited: 0x000002a9dc67c430
Event: 0.556 Thread 0x000002a9dc67c3c0 Thread added: 0x000002a9dc67c3c0
Event: 0.556 Thread 0x000002a9fa962910 Thread exited: 0x000002a9fa962910
Event: 0.556 Thread 0x000002a9fa962910 Thread added: 0x000002a9fa962910


Dynamic libraries:
0x00007ff7e6d90000 - 0x00007ff7e6da0000 	C:\Program Files\Java\jdk-20\bin\java.exe
0x00007ffea4420000 - 0x00007ffea4680000 	C:\WINDOWS\SYSTEM32\ntdll.dll
0x00007ffea31c0000 - 0x00007ffea3287000 	C:\WINDOWS\System32\KERNEL32.DLL
0x00007ffea1600000 - 0x00007ffea19cb000 	C:\WINDOWS\System32\KERNELBASE.dll
0x00007ffea20d0000 - 0x00007ffea221b000 	C:\WINDOWS\System32\ucrtbase.dll
0x00007ffe86140000 - 0x00007ffe86159000 	C:\Program Files\Java\jdk-20\bin\jli.dll
0x00007ffe89a70000 - 0x00007ffe89a8b000 	C:\Program Files\Java\jdk-20\bin\VCRUNTIME140.dll
0x00007ffea37e0000 - 0x00007ffea3893000 	C:\WINDOWS\System32\ADVAPI32.dll
0x00007ffea42d0000 - 0x00007ffea4379000 	C:\WINDOWS\System32\msvcrt.dll
0x00007ffea4100000 - 0x00007ffea41a6000 	C:\WINDOWS\System32\sechost.dll
0x00007ffea41b0000 - 0x00007ffea42c6000 	C:\WINDOWS\System32\RPCRT4.dll
0x00007ffea2280000 - 0x00007ffea244c000 	C:\WINDOWS\System32\USER32.dll
0x00007ffe92910000 - 0x00007ffe92ba7000 	C:\WINDOWS\WinSxS\amd64_microsoft.windows.common-controls_6595b64144ccf1df_6.0.26100.3624_none_3e086962e3345f24\COMCTL32.dll
0x00007ffea1f50000 - 0x00007ffea1f77000 	C:\WINDOWS\System32\win32u.dll
0x00007ffea3190000 - 0x00007ffea31ba000 	C:\WINDOWS\System32\GDI32.dll
0x00007ffea1b50000 - 0x00007ffea1c81000 	C:\WINDOWS\System32\gdi32full.dll
0x00007ffea1ea0000 - 0x00007ffea1f43000 	C:\WINDOWS\System32\msvcp_win.dll
0x00007ffe98d30000 - 0x00007ffe98d3b000 	C:\WINDOWS\SYSTEM32\VERSION.dll
0x00007ffea43a0000 - 0x00007ffea43cf000 	C:\WINDOWS\System32\IMM32.DLL
0x00007ffe8a140000 - 0x00007ffe8a14c000 	C:\Program Files\Java\jdk-20\bin\vcruntime140_1.dll
0x00007ffe414e0000 - 0x00007ffe4156e000 	C:\Program Files\Java\jdk-20\bin\msvcp140.dll
0x00007ffdd6c30000 - 0x00007ffdd78c8000 	C:\Program Files\Java\jdk-20\bin\server\jvm.dll
0x00007ffe8a150000 - 0x00007ffe8a15a000 	C:\WINDOWS\SYSTEM32\WSOCK32.dll
0x00007ffe97b20000 - 0x00007ffe97b56000 	C:\WINDOWS\SYSTEM32\WINMM.dll
0x00007ffea3090000 - 0x00007ffea3104000 	C:\WINDOWS\System32\WS2_32.dll
0x00007ffea0530000 - 0x00007ffea054a000 	C:\WINDOWS\SYSTEM32\kernel.appcore.dll
0x00007ffe86400000 - 0x00007ffe8640a000 	C:\Program Files\Java\jdk-20\bin\jimage.dll
0x00007ffe9efc0000 - 0x00007ffe9f201000 	C:\WINDOWS\SYSTEM32\DBGHELP.DLL
0x00007ffea3a80000 - 0x00007ffea3e03000 	C:\WINDOWS\System32\combase.dll
0x00007ffea2f30000 - 0x00007ffea3006000 	C:\WINDOWS\System32\OLEAUT32.dll
0x00007ffe90da0000 - 0x00007ffe90dd9000 	C:\WINDOWS\SYSTEM32\dbgcore.DLL
0x00007ffea1c90000 - 0x00007ffea1d29000 	C:\WINDOWS\System32\bcryptPrimitives.dll
0x00007ffe77060000 - 0x00007ffe77086000 	C:\Program Files\Java\jdk-20\bin\java.dll
0x00007ffe41710000 - 0x00007ffe417e7000 	C:\Program Files\Java\jdk-20\bin\jsvml.dll
0x00007ffea2800000 - 0x00007ffea2f29000 	C:\WINDOWS\System32\SHELL32.dll
0x00007ffea1d30000 - 0x00007ffea1e98000 	C:\WINDOWS\System32\wintypes.dll
0x00007ffe9f300000 - 0x00007ffe9fb52000 	C:\WINDOWS\SYSTEM32\windows.storage.dll
0x00007ffea2680000 - 0x00007ffea276d000 	C:\WINDOWS\System32\SHCORE.dll
0x00007ffea3110000 - 0x00007ffea3174000 	C:\WINDOWS\System32\shlwapi.dll
0x00007ffea1510000 - 0x00007ffea153f000 	C:\WINDOWS\SYSTEM32\profapi.dll
0x00007ffe833c0000 - 0x00007ffe833d3000 	C:\Program Files\Java\jdk-20\bin\net.dll
0x00007ffe9a570000 - 0x00007ffe9a68d000 	C:\WINDOWS\SYSTEM32\WINHTTP.dll
0x00007ffea0a50000 - 0x00007ffea0aba000 	C:\WINDOWS\system32\mswsock.dll
0x00007ffe74eb0000 - 0x00007ffe74ec6000 	C:\Program Files\Java\jdk-20\bin\nio.dll
0x00007ffe74380000 - 0x00007ffe74398000 	C:\Program Files\Java\jdk-20\bin\zip.dll
0x00007ffe41570000 - 0x00007ffe41701000 	C:\Program Files\Java\jdk-20\bin\awt.dll
0x00007ffe9e080000 - 0x00007ffe9e11c000 	C:\WINDOWS\SYSTEM32\apphelp.dll
0x00007ffe9e520000 - 0x00007ffe9e5ce000 	C:\WINDOWS\system32\uxtheme.dll
0x00007ffea3f40000 - 0x00007ffea409d000 	C:\WINDOWS\System32\MSCTF.dll
0x00007ffea2450000 - 0x00007ffea25e6000 	C:\WINDOWS\System32\ole32.dll
0x00007ffe9e840000 - 0x00007ffe9e875000 	C:\WINDOWS\system32\DWMAPI.DLL
0x00007ffe3f460000 - 0x00007ffe3f4e6000 	C:\Program Files\Java\jdk-20\bin\freetype.dll
0x00007ffe3f380000 - 0x00007ffe3f453000 	C:\Program Files\Java\jdk-20\bin\fontmanager.dll
0x00007ffe63d50000 - 0x00007ffe63e5c000 	C:\WINDOWS\system32\opengl32.dll
0x00007ffe65770000 - 0x00007ffe6579d000 	C:\WINDOWS\SYSTEM32\GLU32.dll
0x00007ffe9e620000 - 0x00007ffe9e667000 	C:\WINDOWS\SYSTEM32\dxcore.dll
0x00007ffea0cf0000 - 0x00007ffea0d0c000 	C:\WINDOWS\SYSTEM32\CRYPTSP.dll
0x00007ffea0490000 - 0x00007ffea04ca000 	C:\WINDOWS\system32\rsaenh.dll
0x00007ffea0af0000 - 0x00007ffea0b1b000 	C:\WINDOWS\SYSTEM32\USERENV.dll
0x00007ffea0f30000 - 0x00007ffea0f56000 	C:\WINDOWS\SYSTEM32\bcrypt.dll
0x00007ffea0d10000 - 0x00007ffea0d1c000 	C:\WINDOWS\SYSTEM32\CRYPTBASE.dll
0x00007ffe9fed0000 - 0x00007ffe9ff03000 	C:\WINDOWS\SYSTEM32\IPHLPAPI.DLL
0x00007ffea3180000 - 0x00007ffea318a000 	C:\WINDOWS\System32\NSI.dll
0x00007ffe9a3f0000 - 0x00007ffe9a40f000 	C:\WINDOWS\SYSTEM32\dhcpcsvc6.DLL
0x00007ffe9a3a0000 - 0x00007ffe9a3c5000 	C:\WINDOWS\SYSTEM32\dhcpcsvc.DLL
0x00007ffe9ffc0000 - 0x00007ffea00e5000 	C:\WINDOWS\SYSTEM32\DNSAPI.dll

dbghelp: loaded successfully - version: 4.0.5 - missing functions: none
symbol engine: initialized successfully - sym options: 0x614 - pdb path: .;C:\Program Files\Java\jdk-20\bin;C:\WINDOWS\SYSTEM32;C:\WINDOWS\WinSxS\amd64_microsoft.windows.common-controls_6595b64144ccf1df_6.0.26100.3624_none_3e086962e3345f24;C:\Program Files\Java\jdk-20\bin\server

VM Arguments:
jvm_args: -Dfile.encoding=UTF-8 -Duser.country=US -Duser.language=en -Duser.variant 
java_command: GUI.NewJFrame
java_class_path (initial): C:\Users\THANH PHU\Downloads\JavaPT\LTPTJAVA_ExamApp\SoloSmart\build\classes\java\main;C:\Users\THANH PHU\Downloads\JavaPT\LTPTJAVA_ExamApp\SoloSmart\build\resources\main;C:\Users\THANH PHU\.gradle\caches\modules-2\files-2.1\org.hibernate.orm\hibernate-core\7.0.0.Beta1\2211321b7a77a47e8682c103f9bbeb25eaae9b88\hibernate-core-7.0.0.Beta1.jar;C:\Users\THANH PHU\.gradle\caches\modules-2\files-2.1\org.glassfish.jaxb\jaxb-runtime\4.0.5\ca84c2a7169b5293e232b9d00d1e4e36d4c3914a\jaxb-runtime-4.0.5.jar;C:\Users\THANH PHU\.gradle\caches\modules-2\files-2.1\com.microsoft.sqlserver\mssql-jdbc\12.3.0.jre20-preview\7d44e30c6b1b64915961da8283a465684f725752\mssql-jdbc-12.3.0.jre20-preview.jar;C:\Users\THANH PHU\.gradle\caches\modules-2\files-2.1\net.datafaker\datafaker\2.4.2\31e4d39832ebfb3a609f3abcaa84d8a7be123603\datafaker-2.4.2.jar;C:\Users\THANH PHU\.gradle\caches\modules-2\files-2.1\javax.persistence\javax.persistence-api\2.2\25665ac8c0b62f50e6488173233239120fc52c96\javax.persistence-api-2.2.jar;C:\Users\THANH PHU\.gradle\caches\modules-2\files-2.1\jakarta.persistence\jakarta.persistence-api\3.2.0-M2\593715ecd40fb2a1830a547556d1844f61c8cee1\jakarta.persistence-api-3.2.0-M2.jar;C:\Users\THANH PHU\.gradle\caches\modules-2\files-2.1\com.h2database\h2\2.2.224\7bdade27d8cd197d9b5ce9dc251f41d2edc5f7ad\h2-2.2.224.jar;C:\Users\THANH PHU\.gradle\caches\modules-2\files-2.1\com.miglayout\miglayout-swing\5.0\7b4c4d92002459e68e8f115b9ae8a774b2660490\miglayout-swing-5.0.jar;C:\Users\THANH PHU\.gradle\caches\modules-2\files-2.1\org.glassfish.jaxb\jaxb-core\4.0.5\7b4b11ea5542eea4ad55e1080b23be436795b3\jaxb-core-4.0.5.jar;C:\Users\THANH PHU\.gradle\caches\modules-2\files-2.1\org.yaml\snakeyaml\2.3\936b36210e27320f920536f695cf1af210c44586\snakeyaml-2.3.jar;C:\Users\THANH PHU\.gradle\caches\modules-2\files-2.1\com.github.curious-odd-man\rgxgen\2.0\43d0a91c7c90a3427dc88c42853649b3eb1207e2\rgxgen-2.0.jar;C:\Users\THANH PHU\.gradle\caches\modules-2\files-2.1\com.googlecode.libphonenumber\libphonenumber\8.13.50\83a825f513d014c45c494f8a9ed75357e027176c\libphonenumber-8.13.50.jar;C:\Users\THANH PHU\.gradle\caches\modules-2\files-2.1\com.miglayout\miglayout-core\5.0\956daa1576bccb24e727ab75540b078171c7c432\miglayout-core-5.0.jar;C:\Users\THANH PHU\.gradle\caches\modules-2\files-2.1\jakarta.transaction\jakarta.transaction-api\2.0.1\51a520e3fae406abb84e2e1148e6746ce3f80a1a\jakarta.transaction-api-2.0.1.jar;C:\Users\THANH PHU\.gradle\caches\modules-2\files-2.1\org.hibernate.models\hibernate-models\0.8.6\52108738f56dba4dec7ce2678200d8a30f68698a\hibernate-models-0.8.6.jar;C:\Users\THANH PHU\.gradle\caches\modules-2\files-2.1\org.jboss.logging\jboss-logging\3.5.0.Final\c19307cc11f28f5e2679347e633a3294d865334d\jboss-logging-3.5.0.Final.jar;C:\Users\THANH PHU\.gradle\caches\modules-2\files-2.1\io.smallrye\jandex\3.2.0\f17ad860f62a08487b9edabde608f8ac55c62fa7\jandex-3.2.0.jar;C:\Users\THANH PHU\.gradle\caches\modules-2\files-2.1\com.fasterxml\classmate\1.5.1\3fe0bed568c62df5e89f4f174c101eab25345b6c\classmate-1.5.1.jar;C:\Users\THANH PHU\.gradle\caches\modules-2\files-2.1\net.bytebuddy\byte-buddy\1.14.18\81e9b9a20944626e6757b5950676af901c2485\byte-buddy-1.14.18.jar;C:\Users\THANH PHU\.gradle\caches\modules-2\files-2.1\jakarta.xml.bind\jakarta.xml.bind-api\4.0.2\6cd5a999b834b63238005b7144136379dc36cad2\jakarta.xml.bind-api-4.0.2.jar;C:\Users\THANH PHU\.gradle\caches\modules-2\files-2.1\jakarta.inject\jakarta.inject-api\2.0.1\4c28afe1991a941d7702fe1362c365f0a8641d1e\jakarta.inject-api-2.0.1.jar;C:\Users\THANH PHU\.gradle\caches\modules-2\files-2.1\org.antlr\antlr4-runtime\4.13.0\5a02e48521624faaf5ff4d99afc88b01686af655\antlr4-runtime-4.13.0.jar;C:\Users\THANH PHU\.gradle\caches\modules-2\files-2.1\org.eclipse.angus\angus-activation\2.0.2\41f1e0ddd157c856926ed149ab837d110955a9fc\angus-activation-2.0.2.jar;C:\Users\THANH PHU\.gradle\caches\modules-2\files-2.1\jakarta.activation\jakarta.activation-api\2.1.3\fa165bd70cda600368eee31555222776a46b881f\jakarta.activation-api-2.1.3.jar;C:\Users\THANH PHU\.gradle\caches\modules-2\files-2.1\org.glassfish.jaxb\txw2\4.0.5\f36a4ef12120a9bb06d766d6a0e54b144fd7ed98\txw2-4.0.5.jar;C:\Users\THANH PHU\.gradle\caches\modules-2\files-2.1\com.sun.istack\istack-commons-runtime\4.1.2\18ec117c85f3ba0ac65409136afa8e42bc74e739\istack-commons-runtime-4.1.2.jar
Launcher Type: SUN_STANDARD

[Global flags]
     intx CICompilerCount                          = 4                                         {product} {ergonomic}
     uint ConcGCThreads                            = 2                                         {product} {ergonomic}
     uint G1ConcRefinementThreads                  = 8                                         {product} {ergonomic}
   size_t G1HeapRegionSize                         = 1048576                                   {product} {ergonomic}
    uintx GCDrainStackTargetSize                   = 64                                        {product} {ergonomic}
   size_t InitialHeapSize                          = 132120576                                 {product} {ergonomic}
   size_t MarkStackSize                            = 4194304                                   {product} {ergonomic}
   size_t MaxHeapSize                              = 2105540608                                {product} {ergonomic}
   size_t MaxNewSize                               = 1262485504                                {product} {ergonomic}
   size_t MinHeapDeltaBytes                        = 1048576                                   {product} {ergonomic}
   size_t MinHeapSize                              = 8388608                                   {product} {ergonomic}
    uintx NonNMethodCodeHeapSize                   = 5839372                                {pd product} {ergonomic}
    uintx NonProfiledCodeHeapSize                  = 122909434                              {pd product} {ergonomic}
    uintx ProfiledCodeHeapSize                     = 122909434                              {pd product} {ergonomic}
    uintx ReservedCodeCacheSize                    = 251658240                              {pd product} {ergonomic}
     bool SegmentedCodeCache                       = true                                      {product} {ergonomic}
   size_t SoftMaxHeapSize                          = 2105540608                             {manageable} {ergonomic}
     bool UseCompressedClassPointers               = true                           {product lp64_product} {ergonomic}
     bool UseCompressedOops                        = true                           {product lp64_product} {ergonomic}
     bool UseG1GC                                  = true                                      {product} {ergonomic}
     bool UseLargePagesIndividualAllocation        = false                                  {pd product} {ergonomic}

Logging:
Log output configuration:
 #0: stdout all=warning uptime,level,tags foldmultilines=false
 #1: stderr all=off uptime,level,tags foldmultilines=false

Environment Variables:
JAVA_HOME=C:\Program Files\Java\jdk-20
PATH=C:\Program Files\MongoDB\Server\6.0\bin\;C:\Program Files\Common Files\Oracle\Java\javapath;C:\Windows\system32;C:\Windows;C:\Windows\System32\Wbem;C:\Windows\System32\WindowsPowerShell\v1.0\;C:\Windows\System32\OpenSSH\;C:\Program Files (x86)\NVIDIA Corporation\PhysX\Common;C:\Program Files\NVIDIA Corporation\NVIDIA NvDLISR;C:\WINDOWS\system32;C:\WINDOWS;C:\WINDOWS\System32\Wbem;C:\WINDOWS\System32\WindowsPowerShell\v1.0\;C:\WINDOWS\System32\OpenSSH\;C:\Program Files\Git\cmd;C:\Program Files (x86)\Microsoft SQL Server\160\Tools\Binn\;C:\Program Files\Microsoft SQL Server\160\Tools\Binn\;C:\Program Files\Microsoft SQL Server\Client SDK\ODBC\170\Tools\Binn\;C:\Program Files\Microsoft SQL Server\160\DTS\Binn\;C:\Program Files (x86)\Microsoft SQL Server\160\DTS\Binn\;C:\Program Files\Azure Data Studio\bin;C:\Program Files\MongoDB\Tools\100\bin;C:\Program Files\nodejs\;C:\Program Files\Java\jdk-20\bin;C:\Program Files (x86)\Eclipse Adoptium\jdk-17.0.8.7-hotspot\bin;C:\Program Files\Java\jdk-17\bin;C:\Users\THANH PHU\Downloads\JavaPT\gradle-8.12-bin\gradle-8.12;C:\Program Files\gradle-8.12\bin;C:\Users\THANH PHU\AppData\Local\Programs\Python\Python311;C:\Users\THANH PHU\AppData\Local\Programs\Python\Python311\Scripts;C:\Users\THANH PHU\AppData\Local\Programs\Python\Python311\Scripts\;C:\Users\THANH PHU\AppData\Local\Programs\Python\Python311\;C:\Users\THANH PHU\AppData\Local\Programs\Python\Python313\Scripts\;C:\Users\THANH PHU\AppData\Local\Programs\Python\Python313\;C:\Users\THANH PHU\AppData\Local\Microsoft\WindowsApps;;D:\Microsoft VS Code\bin;C:\Program Files\Azure Data Studio\bin;C:\Users\THANH PHU\AppData\Local\Programs\mongosh\;C:\Users\THANH PHU\AppData\Roaming\npm
USERNAME=THANH PHU
OS=Windows_NT
PROCESSOR_IDENTIFIER=Intel64 Family 6 Model 165 Stepping 2, GenuineIntel
TMP=C:\Users\THANH PHU\AppData\Local\Temp
TEMP=C:\Users\THANH PHU\AppData\Local\Temp




---------------  S Y S T E M  ---------------

OS:
 Windows 11 , 64 bit Build 26100 (10.0.26100.3624)
OS uptime: 2 days 19:25 hours

CPU: total 8 (initial active 8) (4 cores per cpu, 2 threads per core) family 6 model 165 stepping 2 microcode 0xe0, cx8, cmov, fxsr, ht, mmx, 3dnowpref, sse, sse2, sse3, ssse3, sse4.1, sse4.2, popcnt, lzcnt, tsc, tscinvbit, avx, avx2, aes, erms, clmul, bmi1, bmi2, adx, fma, vzeroupper, clflush, clflushopt, rdtscp, f16c, pku

Memory: 4k page, system-wide physical 8029M (711M free)
TotalPageFile size 32605M (AvailPageFile size 2M)
current process WorkingSet (physical memory assigned to process): 111M, peak: 111M
current process commit charge ("private bytes"): 246M, peak: 247M

vm_info: Java HotSpot(TM) 64-Bit Server VM (20.0.2+9-78) for windows-amd64 JRE (20.0.2+9-78), built on 2023-06-14T10:08:48Z by "mach5one" with MS VC++ 17.1 (VS2022)

END.
