#
# There is insufficient memory for the Java Runtime Environment to continue.
# Native memory allocation (mmap) failed to map 132120576 bytes for G1 virtual space
# Possible reasons:
#   The system is out of physical RAM or swap space
#   The process is running with CompressedOops enabled, and the Java Heap may be blocking the growth of the native heap
# Possible solutions:
#   Reduce memory load on the system
#   Increase physical memory or swap space
#   Check if swap backing store is full
#   Decrease Java heap size (-Xmx/-Xms)
#   Decrease number of Java threads
#   Decrease Java thread stack sizes (-Xss)
#   Set larger code cache with -XX:ReservedCodeCacheSize=
#   JVM is running with Unscaled Compressed Oops mode in which the Java heap is
#     placed in the first 4GB address space. The Java Heap base address is the
#     maximum limit for the native heap growth. Please use -XX:HeapBaseMinAddress
#     to set the Java Heap base and to place the Java Heap above 4GB virtual address.
# This output file may be truncated or incomplete.
#
#  Out of Memory Error (os_windows.cpp:3528), pid=4816, tid=20056
#
# JRE version:  (20.0.2+9) (build )
# Java VM: Java HotSpot(TM) 64-Bit Server VM (20.0.2+9-78, mixed mode, sharing, tiered, compressed oops, compressed class ptrs, g1 gc, windows-amd64)
# No core dump will be written. Minidumps are not enabled by default on client versions of Windows
#

---------------  S U M M A R Y ------------

Command Line: -Dfile.encoding=UTF-8 -Duser.country=US -Duser.language=en -Duser.variant test

Host: Intel(R) Core(TM) i5-10300H CPU @ 2.50GHz, 8 cores, 7G,  Windows 11 , 64 bit Build 26100 (10.0.26100.3624)
Time: Mon Apr  7 21:57:41 2025 SE Asia Standard Time elapsed time: 1.279339 seconds (0d 0h 0m 1s)

---------------  T H R E A D  ---------------

Current thread (0x000001d9dbee5b10):  JavaThread "Unknown thread" [_thread_in_vm, id=20056, stack(0x00000022a9800000,0x00000022a9900000)]

Stack: [0x00000022a9800000,0x00000022a9900000]
Native frames: (J=compiled Java code, j=interpreted, Vv=VM code, C=native code)
V  [jvm.dll+0x6bc25a]
V  [jvm.dll+0x84971a]
V  [jvm.dll+0x84b315]
V  [jvm.dll+0x84ba13]
V  [jvm.dll+0x280e4f]
V  [jvm.dll+0x6b8fe9]
V  [jvm.dll+0x6adbca]
V  [jvm.dll+0x35b165]
V  [jvm.dll+0x363386]
V  [jvm.dll+0x3b400e]
V  [jvm.dll+0x3b4295]
V  [jvm.dll+0x32b86a]
V  [jvm.dll+0x32c68b]
V  [jvm.dll+0x8123df]
V  [jvm.dll+0x3c1261]
V  [jvm.dll+0x7fe103]
V  [jvm.dll+0x44ccaf]
V  [jvm.dll+0x44e621]
C  [jli.dll+0x5287]
C  [ucrtbase.dll+0x37b0]
C  [KERNEL32.DLL+0x2e8d7]
C  [ntdll.dll+0xb14fc]


---------------  P R O C E S S  ---------------

Threads class SMR info:
_java_thread_list=0x00007ff97c42b118, length=0, elements={
}

Java Threads: ( => current thread )

Other Threads:
  0x000001d9dbf4b010 WorkerThread "GC Thread#0" [stack: 0x00000022a9900000,0x00000022a9a00000] [id=24084]
  0x000001d9dbf5c910 ConcurrentGCThread "G1 Main Marker" [stack: 0x00000022a9a00000,0x00000022a9b00000] [id=4128]
  0x000001d9dbf5dae0 WorkerThread "G1 Conc#0" [stack: 0x00000022a9b00000,0x00000022a9c00000] [id=13016]

[error occurred during error reporting (printing all threads), id 0xc0000005, EXCEPTION_ACCESS_VIOLATION (0xc0000005) at pc=0x00007ff97bc0eea7]
VM state: not at safepoint (not fully initialized)

VM Mutex/Monitor currently owned by a thread:  ([mutex/lock_event])
[0x000001d9dbee2c50] Heap_lock - owner thread: 0x000001d9dbee5b10

Heap address: 0x0000000082800000, size: 2008 MB, Compressed Oops mode: 32-bit

CDS archive(s) mapped at: [0x0000000000000000-0x0000000000000000-0x0000000000000000), size 0, SharedBaseAddress: 0x0000000800000000, ArchiveRelocationMode: 1.
Narrow klass base: 0x0000000000000000, Narrow klass shift: 0, Narrow klass range: 0x0

GC Precious Log:
 CardTable entry size: 512
 Card Set container configuration: InlinePtr #cards 5 size 8 Array Of Cards #cards 12 size 40 Howl #buckets 4 coarsen threshold 1843 Howl Bitmap #cards 512 size 80 coarsen threshold 460 Card regions per heap region 1 cards per card region 2048

Heap:
 garbage-first heap   total 0K, used 0K [0x0000000082800000, 0x0000000100000000)
  region size 1024K, 0 young (0K), 0 survivors (0K)

[error occurred during error reporting (printing heap information), id 0xc0000005, EXCEPTION_ACCESS_VIOLATION (0xc0000005) at pc=0x00007ff97bfe47b9]
GC Heap History (0 events):
No events

Dll operation events (1 events):
Event: 0.012 Loaded shared library C:\Program Files\Java\jdk-20\bin\java.dll

Deoptimization events (0 events):
No events

Classes loaded (0 events):
No events

Classes unloaded (0 events):
No events

Classes redefined (0 events):
No events

Internal exceptions (0 events):
No events

VM Operations (0 events):
No events

Events (0 events):
No events


Dynamic libraries:
0x00007ff62db70000 - 0x00007ff62db80000 	C:\Program Files\Java\jdk-20\bin\java.exe
0x00007ffa34b80000 - 0x00007ffa34de0000 	C:\WINDOWS\SYSTEM32\ntdll.dll
0x00007ffa33990000 - 0x00007ffa33a57000 	C:\WINDOWS\System32\KERNEL32.DLL
0x00007ffa31e20000 - 0x00007ffa321eb000 	C:\WINDOWS\System32\KERNELBASE.dll
0x00007ffa32650000 - 0x00007ffa3279b000 	C:\WINDOWS\System32\ucrtbase.dll
0x00007ffa14510000 - 0x00007ffa14529000 	C:\Program Files\Java\jdk-20\bin\jli.dll
0x00007ffa1ad00000 - 0x00007ffa1ad1b000 	C:\Program Files\Java\jdk-20\bin\VCRUNTIME140.dll
0x00007ffa34a00000 - 0x00007ffa34ab3000 	C:\WINDOWS\System32\ADVAPI32.dll
0x00007ffa34240000 - 0x00007ffa342e9000 	C:\WINDOWS\System32\msvcrt.dll
0x00007ffa32990000 - 0x00007ffa32a36000 	C:\WINDOWS\System32\sechost.dll
0x00007ffa32f90000 - 0x00007ffa330a6000 	C:\WINDOWS\System32\RPCRT4.dll
0x00007ffa34070000 - 0x00007ffa3423c000 	C:\WINDOWS\System32\USER32.dll
0x00007ffa32360000 - 0x00007ffa32387000 	C:\WINDOWS\System32\win32u.dll
0x00007ffa33a60000 - 0x00007ffa33a8a000 	C:\WINDOWS\System32\GDI32.dll
0x00007ffa32840000 - 0x00007ffa32971000 	C:\WINDOWS\System32\gdi32full.dll
0x00007ffa325a0000 - 0x00007ffa32643000 	C:\WINDOWS\System32\msvcp_win.dll
0x00007ffa192c0000 - 0x00007ffa19557000 	C:\WINDOWS\WinSxS\amd64_microsoft.windows.common-controls_6595b64144ccf1df_6.0.26100.3624_none_3e086962e3345f24\COMCTL32.dll
0x00007ffa27c30000 - 0x00007ffa27c3b000 	C:\WINDOWS\SYSTEM32\VERSION.dll
0x00007ffa32e30000 - 0x00007ffa32e5f000 	C:\WINDOWS\System32\IMM32.DLL
0x00007ffa2b920000 - 0x00007ffa2b92c000 	C:\Program Files\Java\jdk-20\bin\vcruntime140_1.dll
0x00007ff9f1520000 - 0x00007ff9f15ae000 	C:\Program Files\Java\jdk-20\bin\msvcp140.dll
0x00007ff97b8d0000 - 0x00007ff97c568000 	C:\Program Files\Java\jdk-20\bin\server\jvm.dll
0x00007ffa1ad50000 - 0x00007ffa1ad5a000 	C:\WINDOWS\SYSTEM32\WSOCK32.dll
0x00007ffa1c8e0000 - 0x00007ffa1c916000 	C:\WINDOWS\SYSTEM32\WINMM.dll
0x00007ffa33100000 - 0x00007ffa33174000 	C:\WINDOWS\System32\WS2_32.dll
0x00007ffa30c90000 - 0x00007ffa30caa000 	C:\WINDOWS\SYSTEM32\kernel.appcore.dll
0x00007ffa2ae30000 - 0x00007ffa2ae3a000 	C:\Program Files\Java\jdk-20\bin\jimage.dll
0x00007ffa2f720000 - 0x00007ffa2f961000 	C:\WINDOWS\SYSTEM32\DBGHELP.DLL
0x00007ffa33a90000 - 0x00007ffa33e13000 	C:\WINDOWS\System32\combase.dll
0x00007ffa34820000 - 0x00007ffa348f6000 	C:\WINDOWS\System32\OLEAUT32.dll
0x00007ffa15ef0000 - 0x00007ffa15f29000 	C:\WINDOWS\SYSTEM32\dbgcore.DLL
0x00007ffa327a0000 - 0x00007ffa32839000 	C:\WINDOWS\System32\bcryptPrimitives.dll
0x00007ffa182f0000 - 0x00007ffa18316000 	C:\Program Files\Java\jdk-20\bin\java.dll

dbghelp: loaded successfully - version: 4.0.5 - missing functions: none
symbol engine: initialized successfully - sym options: 0x614 - pdb path: .;C:\Program Files\Java\jdk-20\bin;C:\WINDOWS\SYSTEM32;C:\WINDOWS\WinSxS\amd64_microsoft.windows.common-controls_6595b64144ccf1df_6.0.26100.3624_none_3e086962e3345f24;C:\Program Files\Java\jdk-20\bin\server

VM Arguments:
jvm_args: -Dfile.encoding=UTF-8 -Duser.country=US -Duser.language=en -Duser.variant 
java_command: test
java_class_path (initial): C:\Users\THANH PHU\Downloads\JavaPT\LTPTJAVA_ExamApp\SoloSmart\build\classes\java\main;C:\Users\THANH PHU\Downloads\JavaPT\LTPTJAVA_ExamApp\SoloSmart\build\resources\main;C:\Users\THANH PHU\.gradle\caches\modules-2\files-2.1\org.apache.poi\poi-ooxml\5.2.3\2efd11c940adb18c03eb9ce7ad88fc40ee6a196\poi-ooxml-5.2.3.jar;C:\Users\THANH PHU\.gradle\caches\modules-2\files-2.1\org.apache.poi\poi\5.2.3\2fb22ae74ad5aea6af1a9c64b9542f2ccf348604\poi-5.2.3.jar;C:\Users\THANH PHU\.gradle\caches\modules-2\files-2.1\org.hibernate.orm\hibernate-core\7.0.0.Beta1\2211321b7a77a47e8682c103f9bbeb25eaae9b88\hibernate-core-7.0.0.Beta1.jar;C:\Users\THANH PHU\.gradle\caches\modules-2\files-2.1\org.glassfish.jaxb\jaxb-runtime\4.0.5\ca84c2a7169b5293e232b9d00d1e4e36d4c3914a\jaxb-runtime-4.0.5.jar;C:\Users\THANH PHU\.gradle\caches\modules-2\files-2.1\org.apache.logging.log4j\log4j-core\2.20.0\eb2a9a47b1396e00b5eee1264296729a70565cc0\log4j-core-2.20.0.jar;C:\Users\THANH PHU\.gradle\caches\modules-2\files-2.1\org.apache.poi\poi-ooxml-lite\5.2.3\db113c8e9051b0ff967f4911fa20336c8325a7c5\poi-ooxml-lite-5.2.3.jar;C:\Users\THANH PHU\.gradle\caches\modules-2\files-2.1\org.apache.xmlbeans\xmlbeans\5.1.1\48a369df0eccb509d46203104e4df9cb00f0f68b\xmlbeans-5.1.1.jar;C:\Users\THANH PHU\.gradle\caches\modules-2\files-2.1\org.apache.logging.log4j\log4j-api\2.20.0\1fe6082e660daf07c689a89c94dc0f49c26b44bb\log4j-api-2.20.0.jar;C:\Users\THANH PHU\.gradle\caches\modules-2\files-2.1\com.microsoft.sqlserver\mssql-jdbc\12.3.0.jre20-preview\7d44e30c6b1b64915961da8283a465684f725752\mssql-jdbc-12.3.0.jre20-preview.jar;C:\Users\THANH PHU\.gradle\caches\modules-2\files-2.1\net.datafaker\datafaker\2.4.2\31e4d39832ebfb3a609f3abcaa84d8a7be123603\datafaker-2.4.2.jar;C:\Users\THANH PHU\.gradle\caches\modules-2\files-2.1\javax.persistence\javax.persistence-api\2.2\25665ac8c0b62f50e6488173233239120fc52c96\javax.persistence-api-2.2.jar;C:\Users\THANH PHU\.gradle\caches\modules-2\files-2.1\jakarta.persistence\jakarta.persistence-api\3.2.0-M2\593715ecd40fb2a1830a547556d1844f61c8cee1\jakarta.persistence-api-3.2.0-M2.jar;C:\Users\THANH PHU\.gradle\caches\modules-2\files-2.1\com.h2database\h2\2.2.224\7bdade27d8cd197d9b5ce9dc251f41d2edc5f7ad\h2-2.2.224.jar;C:\Users\THANH PHU\.gradle\caches\modules-2\files-2.1\com.miglayout\miglayout-swing\5.0\7b4c4d92002459e68e8f115b9ae8a774b2660490\miglayout-swing-5.0.jar;C:\Users\THANH PHU\.gradle\caches\modules-2\files-2.1\commons-codec\commons-codec\1.15\49d94806b6e3dc933dacbd8acb0fdbab8ebd1e5d\commons-codec-1.15.jar;C:\Users\THANH PHU\.gradle\caches\modules-2\files-2.1\org.apache.commons\commons-collections4\4.4\62ebe7544cb7164d87e0637a2a6a2bdc981395e8\commons-collections4-4.4.jar;C:\Users\THANH PHU\.gradle\caches\modules-2\files-2.1\org.apache.commons\commons-math3\3.6.1\e4ba98f1d4b3c80ec46392f25e094a6a2e58fcbf\commons-math3-3.6.1.jar;C:\Users\THANH PHU\.gradle\caches\modules-2\files-2.1\commons-io\commons-io\2.11.0\a2503f302b11ebde7ebc3df41daebe0e4eea3689\commons-io-2.11.0.jar;C:\Users\THANH PHU\.gradle\caches\modules-2\files-2.1\com.zaxxer\SparseBitSet\1.2\8467c813d442837fcaeddbc42cf5c5359fab4933\SparseBitSet-1.2.jar;C:\Users\THANH PHU\.gradle\caches\modules-2\files-2.1\org.apache.commons\commons-compress\1.21\4ec95b60d4e86b5c95a0e919cb172a0af98011ef\commons-compress-1.21.jar;C:\Users\THANH PHU\.gradle\caches\modules-2\files-2.1\com.github.virtuald\curvesapi\1.07\863654849995f9d4f0ed2ed1a3870da3a108473c\curvesapi-1.07.jar;C:\Users\THANH PHU\.gradle\caches\modules-2\files-2.1\org.glassfish.jaxb\jaxb-core\4.0.5\7b4b11ea5542eea4ad55e1080b23be436795b3\jaxb-core-4.0.5.jar;C:\Users\THANH PHU\.gradle\caches\modules-2\files-2.1\org.yaml\snakeyaml\2.3\936b36210e27320f920536f695cf1af210c44586\snakeyaml-2.3.jar;C:\Users\THANH PHU\.gradle\caches\modules-2\files-2.1\com.github.curious-odd-man\rgxgen\2.0\43d0a91c7c90a3427dc88c42853649b3eb1207e2\rgxgen-2.0.jar;C:\Users\THANH PHU\.gradle\caches\modules-2\files-2.1\com.googlecode.libphonenumber\libphonenumber\8.13.50\83a825f513d014c45c494f8a9ed75357e027176c\libphonenumber-8.13.50.jar;C:\Users\THANH PHU\.gradle\caches\modules-2\files-2.1\com.miglayout\miglayout-core\5.0\956daa1576bccb24e727ab75540b078171c7c432\miglayout-core-5.0.jar;C:\Users\THANH PHU\.gradle\caches\modules-2\files-2.1\jakarta.transaction\jakarta.transaction-api\2.0.1\51a520e3fae406abb84e2e1148e6746ce3f80a1a\jakarta.transaction-api-2.0.1.jar;C:\Users\THANH PHU\.gradle\caches\modules-2\files-2.1\org.hibernate.models\hibernate-models\0.8.6\52108738f56dba4dec7ce2678200d8a30f68698a\hibernate-models-0.8.6.jar;C:\Users\THANH PHU\.gradle\caches\modules-2\files-2.1\org.jboss.logging\jboss-logging\3.5.0.Final\c19307cc11f28f5e2679347e633a3294d865334d\jboss-logging-3.5.0.Final.jar;C:\Users\THANH PHU\.gradle\caches\modules-2\files-2.1\io.smallrye\jandex\3.2.0\f17ad860f62a08487b9edabde608f8ac55c62fa7\jandex-3.2.0.jar;C:\Users\THANH PHU\.gradle\caches\modules-2\files-2.1\com.fasterxml\classmate\1.5.1\3fe0bed568c62df5e89f4f174c101eab25345b6c\classmate-1.5.1.jar;C:\Users\THANH PHU\.gradle\caches\modules-2\files-2.1\net.bytebuddy\byte-buddy\1.14.18\81e9b9a20944626e6757b5950676af901c2485\byte-buddy-1.14.18.jar;C:\Users\THANH PHU\.gradle\caches\modules-2\files-2.1\jakarta.xml.bind\jakarta.xml.bind-api\4.0.2\6cd5a999b834b63238005b7144136379dc36cad2\jakarta.xml.bind-api-4.0.2.jar;C:\Users\THANH PHU\.gradle\caches\modules-2\files-2.1\jakarta.inject\jakarta.inject-api\2.0.1\4c28afe1991a941d7702fe1362c365f0a8641d1e\jakarta.inject-api-2.0.1.jar;C:\Users\THANH PHU\.gradle\caches\modules-2\files-2.1\org.antlr\antlr4-runtime\4.13.0\5a02e48521624faaf5ff4d99afc88b01686af655\antlr4-runtime-4.13.0.jar;C:\Users\THANH PHU\.gradle\caches\modules-2\files-2.1\org.eclipse.angus\angus-activation\2.0.2\41f1e0ddd157c856926ed149ab837d110955a9fc\angus-activation-2.0.2.jar;C:\Users\THANH PHU\.gradle\caches\modules-2\files-2.1\jakarta.activation\jakarta.activation-api\2.1.3\fa165bd70cda600368eee31555222776a46b881f\jakarta.activation-api-2.1.3.jar;C:\Users\THANH PHU\.gradle\caches\modules-2\files-2.1\org.glassfish.jaxb\txw2\4.0.5\f36a4ef12120a9bb06d766d6a0e54b144fd7ed98\txw2-4.0.5.jar;C:\Users\THANH PHU\.gradle\caches\modules-2\files-2.1\com.sun.istack\istack-commons-runtime\4.1.2\18ec117c85f3ba0ac65409136afa8e42bc74e739\istack-commons-runtime-4.1.2.jar
Launcher Type: SUN_STANDARD

[Global flags]
     intx CICompilerCount                          = 4                                         {product} {ergonomic}
     uint ConcGCThreads                            = 2                                         {product} {ergonomic}
     uint G1ConcRefinementThreads                  = 8                                         {product} {ergonomic}
   size_t G1HeapRegionSize                         = 1048576                                   {product} {ergonomic}
    uintx GCDrainStackTargetSize                   = 64                                        {product} {ergonomic}
   size_t InitialHeapSize                          = 132120576                                 {product} {ergonomic}
   size_t MarkStackSize                            = 4194304                                   {product} {ergonomic}
   size_t MaxHeapSize                              = 2105540608                                {product} {ergonomic}
   size_t MinHeapDeltaBytes                        = 1048576                                   {product} {ergonomic}
   size_t MinHeapSize                              = 8388608                                   {product} {ergonomic}
    uintx NonNMethodCodeHeapSize                   = 5839372                                {pd product} {ergonomic}
    uintx NonProfiledCodeHeapSize                  = 122909434                              {pd product} {ergonomic}
    uintx ProfiledCodeHeapSize                     = 122909434                              {pd product} {ergonomic}
    uintx ReservedCodeCacheSize                    = 251658240                              {pd product} {ergonomic}
     bool SegmentedCodeCache                       = true                                      {product} {ergonomic}
   size_t SoftMaxHeapSize                          = 2105540608                             {manageable} {ergonomic}
     bool UseCompressedClassPointers               = true                           {product lp64_product} {ergonomic}
     bool UseCompressedOops                        = true                           {product lp64_product} {ergonomic}
     bool UseG1GC                                  = true                                      {product} {ergonomic}
     bool UseLargePagesIndividualAllocation        = false                                  {pd product} {ergonomic}

Logging:
Log output configuration:
 #0: stdout all=warning uptime,level,tags foldmultilines=false
 #1: stderr all=off uptime,level,tags foldmultilines=false

Environment Variables:
JAVA_HOME=C:\Program Files\Java\jdk-20
PATH=C:\Program Files\MongoDB\Server\6.0\bin\;C:\Program Files\Common Files\Oracle\Java\javapath;C:\Windows\system32;C:\Windows;C:\Windows\System32\Wbem;C:\Windows\System32\WindowsPowerShell\v1.0\;C:\Windows\System32\OpenSSH\;C:\Program Files (x86)\NVIDIA Corporation\PhysX\Common;C:\Program Files\NVIDIA Corporation\NVIDIA NvDLISR;C:\WINDOWS\system32;C:\WINDOWS;C:\WINDOWS\System32\Wbem;C:\WINDOWS\System32\WindowsPowerShell\v1.0\;C:\WINDOWS\System32\OpenSSH\;C:\Program Files\Git\cmd;C:\Program Files (x86)\Microsoft SQL Server\160\Tools\Binn\;C:\Program Files\Microsoft SQL Server\160\Tools\Binn\;C:\Program Files\Microsoft SQL Server\Client SDK\ODBC\170\Tools\Binn\;C:\Program Files\Microsoft SQL Server\160\DTS\Binn\;C:\Program Files (x86)\Microsoft SQL Server\160\DTS\Binn\;C:\Program Files\Azure Data Studio\bin;C:\Program Files\MongoDB\Tools\100\bin;C:\Program Files\nodejs\;C:\Program Files\Java\jdk-20\bin;C:\Program Files (x86)\Eclipse Adoptium\jdk-17.0.8.7-hotspot\bin;C:\Program Files\Java\jdk-17\bin;C:\Users\THANH PHU\Downloads\JavaPT\gradle-8.12-bin\gradle-8.12;C:\Program Files\gradle-8.12\bin;C:\Users\THANH PHU\AppData\Local\Programs\Python\Python311;C:\Users\THANH PHU\AppData\Local\Programs\Python\Python311\Scripts;C:\Users\THANH PHU\AppData\Local\Programs\Python\Python311\Scripts\;C:\Users\THANH PHU\AppData\Local\Programs\Python\Python311\;C:\Users\THANH PHU\AppData\Local\Programs\Python\Python313\Scripts\;C:\Users\THANH PHU\AppData\Local\Programs\Python\Python313\;C:\Users\THANH PHU\AppData\Local\Microsoft\WindowsApps;;D:\Microsoft VS Code\bin;C:\Program Files\Azure Data Studio\bin;C:\Users\THANH PHU\AppData\Local\Programs\mongosh\;C:\Users\THANH PHU\AppData\Roaming\npm
USERNAME=THANH PHU
OS=Windows_NT
PROCESSOR_IDENTIFIER=Intel64 Family 6 Model 165 Stepping 2, GenuineIntel
TMP=C:\Users\THANH PHU\AppData\Local\Temp
TEMP=C:\Users\THANH PHU\AppData\Local\Temp




---------------  S Y S T E M  ---------------

OS:
 Windows 11 , 64 bit Build 26100 (10.0.26100.3624)
OS uptime: 1 days 20:18 hours

CPU: total 8 (initial active 8) (4 cores per cpu, 2 threads per core) family 6 model 165 stepping 2 microcode 0xe0, cx8, cmov, fxsr, ht, mmx, 3dnowpref, sse, sse2, sse3, ssse3, sse4.1, sse4.2, popcnt, lzcnt, tsc, tscinvbit, avx, avx2, aes, erms, clmul, bmi1, bmi2, adx, fma, vzeroupper, clflush, clflushopt, rdtscp, f16c, pku

Memory: 4k page, system-wide physical 8029M (871M free)
TotalPageFile size 32605M (AvailPageFile size 118M)
current process WorkingSet (physical memory assigned to process): 12M, peak: 12M
current process commit charge ("private bytes"): 60M, peak: 186M

vm_info: Java HotSpot(TM) 64-Bit Server VM (20.0.2+9-78) for windows-amd64 JRE (20.0.2+9-78), built on 2023-06-14T10:08:48Z by "mach5one" with MS VC++ 17.1 (VS2022)

END.
